INFO 2026-01-09 09:20:18,287 autoreload 6256 9680 Watching for file changes with StatReloader
ERROR 2026-01-09 09:20:58,702 log 6256 19420 Invalid HTTP_HOST header: '127.1.0.0:8000'. You may need to add '127.1.0.0' to ALLOWED_HOSTS.
Traceback (most recent call last):
  File "D:\selfie-connect-main\photovault_django\venv\Lib\site-packages\django\core\handlers\exception.py", line 55, in inner
    response = get_response(request)
               ^^^^^^^^^^^^^^^^^^^^^
  File "D:\selfie-connect-main\photovault_django\venv\Lib\site-packages\django\utils\deprecation.py", line 119, in __call__
    response = self.process_request(request)
               ^^^^^^^^^^^^^^^^^^^^^^^^^^^^^
  File "D:\selfie-connect-main\photovault_django\venv\Lib\site-packages\django\middleware\common.py", line 48, in process_request
    host = request.get_host()
           ^^^^^^^^^^^^^^^^^^
  File "D:\selfie-connect-main\photovault_django\venv\Lib\site-packages\django\http\request.py", line 202, in get_host
    raise DisallowedHost(msg)
django.core.exceptions.DisallowedHost: Invalid HTTP_HOST header: '127.1.0.0:8000'. You may need to add '127.1.0.0' to ALLOWED_HOSTS.
WARNING 2026-01-09 09:20:58,714 basehttp 6256 19420 "GET / HTTP/1.1" 400 85874
ERROR 2026-01-09 09:20:58,947 log 6256 11424 Invalid HTTP_HOST header: '127.1.0.0:8000'. You may need to add '127.1.0.0' to ALLOWED_HOSTS.
Traceback (most recent call last):
  File "D:\selfie-connect-main\photovault_django\venv\Lib\site-packages\django\core\handlers\exception.py", line 55, in inner
    response = get_response(request)
               ^^^^^^^^^^^^^^^^^^^^^
  File "D:\selfie-connect-main\photovault_django\venv\Lib\site-packages\django\utils\deprecation.py", line 119, in __call__
    response = self.process_request(request)
               ^^^^^^^^^^^^^^^^^^^^^^^^^^^^^
  File "D:\selfie-connect-main\photovault_django\venv\Lib\site-packages\django\middleware\common.py", line 48, in process_request
    host = request.get_host()
           ^^^^^^^^^^^^^^^^^^
  File "D:\selfie-connect-main\photovault_django\venv\Lib\site-packages\django\http\request.py", line 202, in get_host
    raise DisallowedHost(msg)
django.core.exceptions.DisallowedHost: Invalid HTTP_HOST header: '127.1.0.0:8000'. You may need to add '127.1.0.0' to ALLOWED_HOSTS.
WARNING 2026-01-09 09:20:58,950 basehttp 6256 11424 "GET /favicon.ico HTTP/1.1" 400 85799
ERROR 2026-01-09 09:21:16,512 log 6256 19340 Invalid HTTP_HOST header: '127.1.0.0:8000'. You may need to add '127.1.0.0' to ALLOWED_HOSTS.
Traceback (most recent call last):
  File "D:\selfie-connect-main\photovault_django\venv\Lib\site-packages\django\core\handlers\exception.py", line 55, in inner
    response = get_response(request)
               ^^^^^^^^^^^^^^^^^^^^^
  File "D:\selfie-connect-main\photovault_django\venv\Lib\site-packages\django\utils\deprecation.py", line 119, in __call__
    response = self.process_request(request)
               ^^^^^^^^^^^^^^^^^^^^^^^^^^^^^
  File "D:\selfie-connect-main\photovault_django\venv\Lib\site-packages\django\middleware\common.py", line 48, in process_request
    host = request.get_host()
           ^^^^^^^^^^^^^^^^^^
  File "D:\selfie-connect-main\photovault_django\venv\Lib\site-packages\django\http\request.py", line 202, in get_host
    raise DisallowedHost(msg)
django.core.exceptions.DisallowedHost: Invalid HTTP_HOST header: '127.1.0.0:8000'. You may need to add '127.1.0.0' to ALLOWED_HOSTS.
WARNING 2026-01-09 09:21:16,515 basehttp 6256 19340 "GET /docs HTTP/1.1" 400 85918
ERROR 2026-01-09 09:21:16,602 log 6256 2480 Invalid HTTP_HOST header: '127.1.0.0:8000'. You may need to add '127.1.0.0' to ALLOWED_HOSTS.
Traceback (most recent call last):
  File "D:\selfie-connect-main\photovault_django\venv\Lib\site-packages\django\core\handlers\exception.py", line 55, in inner
    response = get_response(request)
               ^^^^^^^^^^^^^^^^^^^^^
  File "D:\selfie-connect-main\photovault_django\venv\Lib\site-packages\django\utils\deprecation.py", line 119, in __call__
    response = self.process_request(request)
               ^^^^^^^^^^^^^^^^^^^^^^^^^^^^^
  File "D:\selfie-connect-main\photovault_django\venv\Lib\site-packages\django\middleware\common.py", line 48, in process_request
    host = request.get_host()
           ^^^^^^^^^^^^^^^^^^
  File "D:\selfie-connect-main\photovault_django\venv\Lib\site-packages\django\http\request.py", line 202, in get_host
    raise DisallowedHost(msg)
django.core.exceptions.DisallowedHost: Invalid HTTP_HOST header: '127.1.0.0:8000'. You may need to add '127.1.0.0' to ALLOWED_HOSTS.
WARNING 2026-01-09 09:21:16,603 basehttp 6256 2480 "GET /favicon.ico HTTP/1.1" 400 85803
WARNING 2026-01-09 09:22:00,705 log 6256 5260 Not Found: /auth/csrf
WARNING 2026-01-09 09:22:00,705 basehttp 6256 5260 "GET /auth/csrf HTTP/1.1" 404 3809
WARNING 2026-01-09 09:22:02,675 log 6256 5260 Not Found: /auth/csrf
WARNING 2026-01-09 09:22:02,677 basehttp 6256 5260 "GET /auth/csrf HTTP/1.1" 404 3809
INFO 2026-01-09 09:22:41,929 autoreload 6256 9680 D:\selfie-connect-main\photovault_django\apps\users\urls.py changed, reloading.
INFO 2026-01-09 09:22:43,126 autoreload 12588 3092 Watching for file changes with StatReloader
INFO 2026-01-09 09:22:57,672 autoreload 12588 3092 D:\selfie-connect-main\photovault_django\apps\users\views.py changed, reloading.
INFO 2026-01-09 09:22:59,328 autoreload 16812 11300 Watching for file changes with StatReloader
INFO 2026-01-09 09:23:59,937 basehttp 16812 15436 "GET /api/auth/csrf/ HTTP/1.1" 200 80
WARNING 2026-01-09 09:24:24,148 log 16812 2368 Not Found: /auth/csrf
WARNING 2026-01-09 09:24:24,149 basehttp 16812 2368 "GET /auth/csrf HTTP/1.1" 404 3809
WARNING 2026-01-09 09:24:42,368 log 16812 2368 Not Found: /auth/csrf
WARNING 2026-01-09 09:24:42,370 basehttp 16812 2368 "GET /auth/csrf HTTP/1.1" 404 3809
WARNING 2026-01-09 09:25:57,744 log 16812 2368 Not Found: /auth/csrf
WARNING 2026-01-09 09:25:57,747 basehttp 16812 2368 "GET /auth/csrf HTTP/1.1" 404 3809
INFO 2026-01-09 09:26:54,800 basehttp 16812 20836 "GET /api/auth/csrf/ HTTP/1.1" 200 80
WARNING 2026-01-09 09:27:25,824 log 16812 20836 Unauthorized: /api/auth/me/
WARNING 2026-01-09 09:27:25,825 basehttp 16812 20836 "GET /api/auth/me/ HTTP/1.1" 401 58
WARNING 2026-01-09 09:27:34,270 log 16812 20836 Method Not Allowed: /api/auth/register/
WARNING 2026-01-09 09:27:34,270 basehttp 16812 20836 "GET /api/auth/register/ HTTP/1.1" 405 40
INFO 2026-01-09 09:28:09,991 basehttp 16812 2368 "GET /api/auth/csrf HTTP/1.1" 301 0
INFO 2026-01-09 09:28:10,307 basehttp 16812 18932 "GET /api/auth/csrf/ HTTP/1.1" 200 80
INFO 2026-01-09 09:28:10,331 basehttp 16812 18932 "GET /api/auth/csrf HTTP/1.1" 301 0
INFO 2026-01-09 09:28:10,571 basehttp 16812 18744 "GET /api/auth/csrf/ HTTP/1.1" 200 80
INFO 2026-01-09 09:28:10,888 basehttp 16812 20244 "OPTIONS /api/auth/register HTTP/1.1" 200 0
INFO 2026-01-09 09:28:10,888 basehttp 16812 20244 "OPTIONS /api/auth/register HTTP/1.1" 200 0
INFO 2026-01-09 09:28:11,905 basehttp 16812 20244 "OPTIONS /api/auth/register HTTP/1.1" 200 0
INFO 2026-01-09 09:28:13,919 basehttp 16812 20244 "OPTIONS /api/auth/register HTTP/1.1" 200 0
INFO 2026-01-09 09:28:17,934 basehttp 16812 20244 "OPTIONS /api/auth/register HTTP/1.1" 200 0
INFO 2026-01-09 09:30:50,532 autoreload 16812 11300 D:\selfie-connect-main\photovault_django\photovault\settings.py changed, reloading.
INFO 2026-01-09 09:30:51,702 autoreload 8304 6872 Watching for file changes with StatReloader
INFO 2026-01-09 09:31:30,961 basehttp 8304 16156 "GET /api/auth/csrf/ HTTP/1.1" 200 80
WARNING 2026-01-09 09:31:45,832 log 8304 4720 Not Found: /auth/csrf
WARNING 2026-01-09 09:31:45,833 basehttp 8304 4720 "GET /auth/csrf HTTP/1.1" 404 3809
INFO 2026-01-09 09:34:03,737 basehttp 8304 19676 "GET /api/auth/csrf/ HTTP/1.1" 200 80
ERROR 2026-01-09 09:34:05,996 log 8304 19676 Internal Server Error: /api/auth/register/
Traceback (most recent call last):
  File "D:\selfie-connect-main\photovault_django\venv\Lib\site-packages\redis\connection.py", line 389, in connect_check_health
    sock = self.retry.call_with_retry(
           ^^^^^^^^^^^^^^^^^^^^^^^^^^^
  File "D:\selfie-connect-main\photovault_django\venv\Lib\site-packages\redis\retry.py", line 105, in call_with_retry
    return do()
           ^^^^
  File "D:\selfie-connect-main\photovault_django\venv\Lib\site-packages\redis\connection.py", line 390, in <lambda>
    lambda: self._connect(), lambda error: self.disconnect(error)
            ^^^^^^^^^^^^^^^
  File "D:\selfie-connect-main\photovault_django\venv\Lib\site-packages\redis\connection.py", line 803, in _connect
    raise err
  File "D:\selfie-connect-main\photovault_django\venv\Lib\site-packages\redis\connection.py", line 787, in _connect
    sock.connect(socket_address)
ConnectionRefusedError: [WinError 10061] No connection could be made because the target machine actively refused it

During handling of the above exception, another exception occurred:

Traceback (most recent call last):
  File "D:\selfie-connect-main\photovault_django\venv\Lib\site-packages\django\core\handlers\exception.py", line 55, in inner
    response = get_response(request)
               ^^^^^^^^^^^^^^^^^^^^^
  File "D:\selfie-connect-main\photovault_django\venv\Lib\site-packages\django\core\handlers\base.py", line 197, in _get_response
    response = wrapped_callback(request, *callback_args, **callback_kwargs)
               ^^^^^^^^^^^^^^^^^^^^^^^^^^^^^^^^^^^^^^^^^^^^^^^^^^^^^^^^^^^^
  File "D:\selfie-connect-main\photovault_django\venv\Lib\site-packages\django\views\decorators\csrf.py", line 65, in _view_wrapper
    return view_func(request, *args, **kwargs)
           ^^^^^^^^^^^^^^^^^^^^^^^^^^^^^^^^^^^
  File "D:\selfie-connect-main\photovault_django\venv\Lib\site-packages\django\views\generic\base.py", line 105, in view
    return self.dispatch(request, *args, **kwargs)
           ^^^^^^^^^^^^^^^^^^^^^^^^^^^^^^^^^^^^^^^
  File "D:\selfie-connect-main\photovault_django\venv\Lib\site-packages\rest_framework\views.py", line 515, in dispatch
    response = self.handle_exception(exc)
               ^^^^^^^^^^^^^^^^^^^^^^^^^^
  File "D:\selfie-connect-main\photovault_django\venv\Lib\site-packages\rest_framework\views.py", line 475, in handle_exception
    self.raise_uncaught_exception(exc)
  File "D:\selfie-connect-main\photovault_django\venv\Lib\site-packages\rest_framework\views.py", line 486, in raise_uncaught_exception
    raise exc
  File "D:\selfie-connect-main\photovault_django\venv\Lib\site-packages\rest_framework\views.py", line 512, in dispatch
    response = handler(request, *args, **kwargs)
               ^^^^^^^^^^^^^^^^^^^^^^^^^^^^^^^^^
  File "D:\selfie-connect-main\photovault_django\venv\Lib\site-packages\django\utils\decorators.py", line 48, in _wrapper
    return bound_method(*args, **kwargs)
           ^^^^^^^^^^^^^^^^^^^^^^^^^^^^^
  File "D:\selfie-connect-main\photovault_django\venv\Lib\site-packages\django_ratelimit\decorators.py", line 19, in _wrapped
    ratelimited = is_ratelimited(request=request, group=group, fn=fn,
                  ^^^^^^^^^^^^^^^^^^^^^^^^^^^^^^^^^^^^^^^^^^^^^^^^^^^
  File "D:\selfie-connect-main\photovault_django\venv\Lib\site-packages\django_ratelimit\core.py", line 153, in is_ratelimited
    usage = get_usage(request, group, fn, key, rate, method, increment)
            ^^^^^^^^^^^^^^^^^^^^^^^^^^^^^^^^^^^^^^^^^^^^^^^^^^^^^^^^^^^
  File "D:\selfie-connect-main\photovault_django\venv\Lib\site-packages\django_ratelimit\core.py", line 231, in get_usage
    added = cache.add(cache_key, initial_value, period + EXPIRATION_FUDGE)
            ^^^^^^^^^^^^^^^^^^^^^^^^^^^^^^^^^^^^^^^^^^^^^^^^^^^^^^^^^^^^^^
  File "D:\selfie-connect-main\photovault_django\venv\Lib\site-packages\django\core\cache\backends\redis.py", line 184, in add
    return self._cache.add(key, value, self.get_backend_timeout(timeout))
           ^^^^^^^^^^^^^^^^^^^^^^^^^^^^^^^^^^^^^^^^^^^^^^^^^^^^^^^^^^^^^^
  File "D:\selfie-connect-main\photovault_django\venv\Lib\site-packages\django\core\cache\backends\redis.py", line 96, in add
    return bool(client.set(key, value, ex=timeout, nx=True))
                ^^^^^^^^^^^^^^^^^^^^^^^^^^^^^^^^^^^^^^^^^^^
  File "D:\selfie-connect-main\photovault_django\venv\Lib\site-packages\redis\commands\core.py", line 2305, in set
    return self.execute_command("SET", *pieces, **options)
           ^^^^^^^^^^^^^^^^^^^^^^^^^^^^^^^^^^^^^^^^^^^^^^^
  File "D:\selfie-connect-main\photovault_django\venv\Lib\site-packages\redis\client.py", line 621, in execute_command
    return self._execute_command(*args, **options)
           ^^^^^^^^^^^^^^^^^^^^^^^^^^^^^^^^^^^^^^^
  File "D:\selfie-connect-main\photovault_django\venv\Lib\site-packages\redis\client.py", line 627, in _execute_command
    conn = self.connection or pool.get_connection()
                              ^^^^^^^^^^^^^^^^^^^^^
  File "D:\selfie-connect-main\photovault_django\venv\Lib\site-packages\redis\utils.py", line 195, in wrapper
    return func(*args, **kwargs)
           ^^^^^^^^^^^^^^^^^^^^^
  File "D:\selfie-connect-main\photovault_django\venv\Lib\site-packages\redis\connection.py", line 1533, in get_connection
    connection.connect()
  File "D:\selfie-connect-main\photovault_django\venv\Lib\site-packages\redis\connection.py", line 380, in connect
    self.connect_check_health(check_health=True)
  File "D:\selfie-connect-main\photovault_django\venv\Lib\site-packages\redis\connection.py", line 397, in connect_check_health
    raise ConnectionError(self._error_message(e))
redis.exceptions.ConnectionError: Error 10061 connecting to 127.0.0.1:6379. No connection could be made because the target machine actively refused it.
ERROR 2026-01-09 09:34:06,002 basehttp 8304 19676 "POST /api/auth/register/ HTTP/1.1" 500 192427
INFO 2026-01-09 09:34:06,002 basehttp 8304 19676 - Broken pipe from ('127.0.0.1', 56710)
INFO 2026-01-09 09:34:23,311 autoreload 8304 6872 D:\selfie-connect-main\photovault_django\photovault\settings.py changed, reloading.
INFO 2026-01-09 09:34:24,540 autoreload 8024 13624 Watching for file changes with StatReloader
INFO 2026-01-09 09:34:35,019 basehttp 8024 17020 "GET /api/auth/csrf/ HTTP/1.1" 200 80
ERROR 2026-01-09 09:34:35,215 log 8024 17020 Internal Server Error: /api/auth/register/
Traceback (most recent call last):
  File "D:\selfie-connect-main\photovault_django\venv\Lib\site-packages\django\db\backends\utils.py", line 105, in _execute
    return self.cursor.execute(sql, params)
           ^^^^^^^^^^^^^^^^^^^^^^^^^^^^^^^^
  File "D:\selfie-connect-main\photovault_django\venv\Lib\site-packages\django\db\backends\sqlite3\base.py", line 360, in execute
    return super().execute(query, params)
           ^^^^^^^^^^^^^^^^^^^^^^^^^^^^^^
sqlite3.OperationalError: no such table: users

The above exception was the direct cause of the following exception:

Traceback (most recent call last):
  File "D:\selfie-connect-main\photovault_django\venv\Lib\site-packages\django\core\handlers\exception.py", line 55, in inner
    response = get_response(request)
               ^^^^^^^^^^^^^^^^^^^^^
  File "D:\selfie-connect-main\photovault_django\venv\Lib\site-packages\django\core\handlers\base.py", line 197, in _get_response
    response = wrapped_callback(request, *callback_args, **callback_kwargs)
               ^^^^^^^^^^^^^^^^^^^^^^^^^^^^^^^^^^^^^^^^^^^^^^^^^^^^^^^^^^^^
  File "D:\selfie-connect-main\photovault_django\venv\Lib\site-packages\django\views\decorators\csrf.py", line 65, in _view_wrapper
    return view_func(request, *args, **kwargs)
           ^^^^^^^^^^^^^^^^^^^^^^^^^^^^^^^^^^^
  File "D:\selfie-connect-main\photovault_django\venv\Lib\site-packages\django\views\generic\base.py", line 105, in view
    return self.dispatch(request, *args, **kwargs)
           ^^^^^^^^^^^^^^^^^^^^^^^^^^^^^^^^^^^^^^^
  File "D:\selfie-connect-main\photovault_django\venv\Lib\site-packages\rest_framework\views.py", line 515, in dispatch
    response = self.handle_exception(exc)
               ^^^^^^^^^^^^^^^^^^^^^^^^^^
  File "D:\selfie-connect-main\photovault_django\venv\Lib\site-packages\rest_framework\views.py", line 475, in handle_exception
    self.raise_uncaught_exception(exc)
  File "D:\selfie-connect-main\photovault_django\venv\Lib\site-packages\rest_framework\views.py", line 486, in raise_uncaught_exception
    raise exc
  File "D:\selfie-connect-main\photovault_django\venv\Lib\site-packages\rest_framework\views.py", line 512, in dispatch
    response = handler(request, *args, **kwargs)
               ^^^^^^^^^^^^^^^^^^^^^^^^^^^^^^^^^
  File "D:\selfie-connect-main\photovault_django\venv\Lib\site-packages\django\utils\decorators.py", line 48, in _wrapper
    return bound_method(*args, **kwargs)
           ^^^^^^^^^^^^^^^^^^^^^^^^^^^^^
  File "D:\selfie-connect-main\photovault_django\venv\Lib\site-packages\django_ratelimit\decorators.py", line 27, in _wrapped
    return fn(request, *args, **kw)
           ^^^^^^^^^^^^^^^^^^^^^^^^
  File "D:\selfie-connect-main\photovault_django\apps\users\views.py", line 53, in post
    if serializer.is_valid():
       ^^^^^^^^^^^^^^^^^^^^^
  File "D:\selfie-connect-main\photovault_django\venv\Lib\site-packages\rest_framework\serializers.py", line 225, in is_valid
    self._validated_data = self.run_validation(self.initial_data)
                           ^^^^^^^^^^^^^^^^^^^^^^^^^^^^^^^^^^^^^^
  File "D:\selfie-connect-main\photovault_django\venv\Lib\site-packages\rest_framework\serializers.py", line 444, in run_validation
    value = self.to_internal_value(data)
            ^^^^^^^^^^^^^^^^^^^^^^^^^^^^
  File "D:\selfie-connect-main\photovault_django\venv\Lib\site-packages\rest_framework\serializers.py", line 501, in to_internal_value
    validated_value = field.run_validation(primitive_value)
                      ^^^^^^^^^^^^^^^^^^^^^^^^^^^^^^^^^^^^^
  File "D:\selfie-connect-main\photovault_django\venv\Lib\site-packages\rest_framework\fields.py", line 757, in run_validation
    return super().run_validation(data)
           ^^^^^^^^^^^^^^^^^^^^^^^^^^^^
  File "D:\selfie-connect-main\photovault_django\venv\Lib\site-packages\rest_framework\fields.py", line 539, in run_validation
    self.run_validators(value)
  File "D:\selfie-connect-main\photovault_django\venv\Lib\site-packages\rest_framework\fields.py", line 551, in run_validators
    validator(value, self)
  File "D:\selfie-connect-main\photovault_django\venv\Lib\site-packages\rest_framework\validators.py", line 86, in __call__
    if qs_exists(queryset):
       ^^^^^^^^^^^^^^^^^^^
  File "D:\selfie-connect-main\photovault_django\venv\Lib\site-packages\rest_framework\validators.py", line 23, in qs_exists
    return queryset.exists()
           ^^^^^^^^^^^^^^^^^
  File "D:\selfie-connect-main\photovault_django\venv\Lib\site-packages\django\db\models\query.py", line 1298, in exists
    return self.query.has_results(using=self.db)
           ^^^^^^^^^^^^^^^^^^^^^^^^^^^^^^^^^^^^^
  File "D:\selfie-connect-main\photovault_django\venv\Lib\site-packages\django\db\models\sql\query.py", line 674, in has_results
    return compiler.has_results()
           ^^^^^^^^^^^^^^^^^^^^^^
  File "D:\selfie-connect-main\photovault_django\venv\Lib\site-packages\django\db\models\sql\compiler.py", line 1591, in has_results
    return bool(self.execute_sql(SINGLE))
                ^^^^^^^^^^^^^^^^^^^^^^^^
  File "D:\selfie-connect-main\photovault_django\venv\Lib\site-packages\django\db\models\sql\compiler.py", line 1623, in execute_sql
    cursor.execute(sql, params)
  File "D:\selfie-connect-main\photovault_django\venv\Lib\site-packages\django\db\backends\utils.py", line 122, in execute
    return super().execute(sql, params)
           ^^^^^^^^^^^^^^^^^^^^^^^^^^^^
  File "D:\selfie-connect-main\photovault_django\venv\Lib\site-packages\django\db\backends\utils.py", line 79, in execute
    return self._execute_with_wrappers(
           ^^^^^^^^^^^^^^^^^^^^^^^^^^^^
  File "D:\selfie-connect-main\photovault_django\venv\Lib\site-packages\django\db\backends\utils.py", line 92, in _execute_with_wrappers
    return executor(sql, params, many, context)
           ^^^^^^^^^^^^^^^^^^^^^^^^^^^^^^^^^^^^
  File "D:\selfie-connect-main\photovault_django\venv\Lib\site-packages\django\db\backends\utils.py", line 100, in _execute
    with self.db.wrap_database_errors:
  File "D:\selfie-connect-main\photovault_django\venv\Lib\site-packages\django\db\utils.py", line 91, in __exit__
    raise dj_exc_value.with_traceback(traceback) from exc_value
  File "D:\selfie-connect-main\photovault_django\venv\Lib\site-packages\django\db\backends\utils.py", line 105, in _execute
    return self.cursor.execute(sql, params)
           ^^^^^^^^^^^^^^^^^^^^^^^^^^^^^^^^
  File "D:\selfie-connect-main\photovault_django\venv\Lib\site-packages\django\db\backends\sqlite3\base.py", line 360, in execute
    return super().execute(query, params)
           ^^^^^^^^^^^^^^^^^^^^^^^^^^^^^^
django.db.utils.OperationalError: no such table: users
ERROR 2026-01-09 09:34:35,256 log 8024 17020 Internal Server Error: /api/auth/register/
Traceback (most recent call last):
  File "D:\selfie-connect-main\photovault_django\venv\Lib\site-packages\django\core\handlers\exception.py", line 55, in inner
    response = get_response(request)
               ^^^^^^^^^^^^^^^^^^^^^
  File "D:\selfie-connect-main\photovault_django\venv\Lib\site-packages\django\utils\deprecation.py", line 122, in __call__
    response = self.process_response(request, response)
               ^^^^^^^^^^^^^^^^^^^^^^^^^^^^^^^^^^^^^^^^
  File "D:\selfie-connect-main\photovault_django\apps\core\middleware.py", line 87, in process_response
    if hasattr(request, 'body') and request.body:
       ^^^^^^^^^^^^^^^^^^^^^^^^
  File "D:\selfie-connect-main\photovault_django\venv\Lib\site-packages\django\http\request.py", line 379, in body
    raise RawPostDataException(
django.http.request.RawPostDataException: You cannot access body after reading from request's data stream
ERROR 2026-01-09 09:34:35,258 basehttp 8024 17020 "POST /api/auth/register/ HTTP/1.1" 500 85587
INFO 2026-01-09 09:34:49,673 autoreload 8024 13624 D:\selfie-connect-main\photovault_django\apps\users\views.py changed, reloading.
INFO 2026-01-09 09:34:51,359 autoreload 1572 16540 Watching for file changes with StatReloader
INFO 2026-01-09 09:34:59,482 autoreload 1572 16540 D:\selfie-connect-main\photovault_django\apps\users\views.py changed, reloading.
INFO 2026-01-09 09:35:01,076 autoreload 16600 1652 Watching for file changes with StatReloader
ERROR 2026-01-09 09:35:25,865 log 16600 6560 Internal Server Error: /api/auth/register/
Traceback (most recent call last):
  File "D:\selfie-connect-main\photovault_django\venv\Lib\site-packages\django\db\backends\utils.py", line 105, in _execute
    return self.cursor.execute(sql, params)
           ^^^^^^^^^^^^^^^^^^^^^^^^^^^^^^^^
  File "D:\selfie-connect-main\photovault_django\venv\Lib\site-packages\django\db\backends\sqlite3\base.py", line 360, in execute
    return super().execute(query, params)
           ^^^^^^^^^^^^^^^^^^^^^^^^^^^^^^
sqlite3.OperationalError: no such table: users

The above exception was the direct cause of the following exception:

Traceback (most recent call last):
  File "D:\selfie-connect-main\photovault_django\venv\Lib\site-packages\django\core\handlers\exception.py", line 55, in inner
    response = get_response(request)
               ^^^^^^^^^^^^^^^^^^^^^
  File "D:\selfie-connect-main\photovault_django\venv\Lib\site-packages\django\core\handlers\base.py", line 197, in _get_response
    response = wrapped_callback(request, *callback_args, **callback_kwargs)
               ^^^^^^^^^^^^^^^^^^^^^^^^^^^^^^^^^^^^^^^^^^^^^^^^^^^^^^^^^^^^
  File "D:\selfie-connect-main\photovault_django\venv\Lib\site-packages\django\views\decorators\csrf.py", line 65, in _view_wrapper
    return view_func(request, *args, **kwargs)
           ^^^^^^^^^^^^^^^^^^^^^^^^^^^^^^^^^^^
  File "D:\selfie-connect-main\photovault_django\venv\Lib\site-packages\django\views\generic\base.py", line 105, in view
    return self.dispatch(request, *args, **kwargs)
           ^^^^^^^^^^^^^^^^^^^^^^^^^^^^^^^^^^^^^^^
  File "D:\selfie-connect-main\photovault_django\venv\Lib\site-packages\django\utils\decorators.py", line 48, in _wrapper
    return bound_method(*args, **kwargs)
           ^^^^^^^^^^^^^^^^^^^^^^^^^^^^^
  File "D:\selfie-connect-main\photovault_django\venv\Lib\site-packages\django\views\decorators\csrf.py", line 65, in _view_wrapper
    return view_func(request, *args, **kwargs)
           ^^^^^^^^^^^^^^^^^^^^^^^^^^^^^^^^^^^
  File "D:\selfie-connect-main\photovault_django\venv\Lib\site-packages\rest_framework\views.py", line 515, in dispatch
    response = self.handle_exception(exc)
               ^^^^^^^^^^^^^^^^^^^^^^^^^^
  File "D:\selfie-connect-main\photovault_django\venv\Lib\site-packages\rest_framework\views.py", line 475, in handle_exception
    self.raise_uncaught_exception(exc)
  File "D:\selfie-connect-main\photovault_django\venv\Lib\site-packages\rest_framework\views.py", line 486, in raise_uncaught_exception
    raise exc
  File "D:\selfie-connect-main\photovault_django\venv\Lib\site-packages\rest_framework\views.py", line 512, in dispatch
    response = handler(request, *args, **kwargs)
               ^^^^^^^^^^^^^^^^^^^^^^^^^^^^^^^^^
  File "D:\selfie-connect-main\photovault_django\venv\Lib\site-packages\django\utils\decorators.py", line 48, in _wrapper
    return bound_method(*args, **kwargs)
           ^^^^^^^^^^^^^^^^^^^^^^^^^^^^^
  File "D:\selfie-connect-main\photovault_django\venv\Lib\site-packages\django_ratelimit\decorators.py", line 27, in _wrapped
    return fn(request, *args, **kw)
           ^^^^^^^^^^^^^^^^^^^^^^^^
  File "D:\selfie-connect-main\photovault_django\apps\users\views.py", line 56, in post
    if serializer.is_valid():
       ^^^^^^^^^^^^^^^^^^^^^
  File "D:\selfie-connect-main\photovault_django\venv\Lib\site-packages\rest_framework\serializers.py", line 225, in is_valid
    self._validated_data = self.run_validation(self.initial_data)
                           ^^^^^^^^^^^^^^^^^^^^^^^^^^^^^^^^^^^^^^
  File "D:\selfie-connect-main\photovault_django\venv\Lib\site-packages\rest_framework\serializers.py", line 444, in run_validation
    value = self.to_internal_value(data)
            ^^^^^^^^^^^^^^^^^^^^^^^^^^^^
  File "D:\selfie-connect-main\photovault_django\venv\Lib\site-packages\rest_framework\serializers.py", line 501, in to_internal_value
    validated_value = field.run_validation(primitive_value)
                      ^^^^^^^^^^^^^^^^^^^^^^^^^^^^^^^^^^^^^
  File "D:\selfie-connect-main\photovault_django\venv\Lib\site-packages\rest_framework\fields.py", line 757, in run_validation
    return super().run_validation(data)
           ^^^^^^^^^^^^^^^^^^^^^^^^^^^^
  File "D:\selfie-connect-main\photovault_django\venv\Lib\site-packages\rest_framework\fields.py", line 539, in run_validation
    self.run_validators(value)
  File "D:\selfie-connect-main\photovault_django\venv\Lib\site-packages\rest_framework\fields.py", line 551, in run_validators
    validator(value, self)
  File "D:\selfie-connect-main\photovault_django\venv\Lib\site-packages\rest_framework\validators.py", line 86, in __call__
    if qs_exists(queryset):
       ^^^^^^^^^^^^^^^^^^^
  File "D:\selfie-connect-main\photovault_django\venv\Lib\site-packages\rest_framework\validators.py", line 23, in qs_exists
    return queryset.exists()
           ^^^^^^^^^^^^^^^^^
  File "D:\selfie-connect-main\photovault_django\venv\Lib\site-packages\django\db\models\query.py", line 1298, in exists
    return self.query.has_results(using=self.db)
           ^^^^^^^^^^^^^^^^^^^^^^^^^^^^^^^^^^^^^
  File "D:\selfie-connect-main\photovault_django\venv\Lib\site-packages\django\db\models\sql\query.py", line 674, in has_results
    return compiler.has_results()
           ^^^^^^^^^^^^^^^^^^^^^^
  File "D:\selfie-connect-main\photovault_django\venv\Lib\site-packages\django\db\models\sql\compiler.py", line 1591, in has_results
    return bool(self.execute_sql(SINGLE))
                ^^^^^^^^^^^^^^^^^^^^^^^^
  File "D:\selfie-connect-main\photovault_django\venv\Lib\site-packages\django\db\models\sql\compiler.py", line 1623, in execute_sql
    cursor.execute(sql, params)
  File "D:\selfie-connect-main\photovault_django\venv\Lib\site-packages\django\db\backends\utils.py", line 122, in execute
    return super().execute(sql, params)
           ^^^^^^^^^^^^^^^^^^^^^^^^^^^^
  File "D:\selfie-connect-main\photovault_django\venv\Lib\site-packages\django\db\backends\utils.py", line 79, in execute
    return self._execute_with_wrappers(
           ^^^^^^^^^^^^^^^^^^^^^^^^^^^^
  File "D:\selfie-connect-main\photovault_django\venv\Lib\site-packages\django\db\backends\utils.py", line 92, in _execute_with_wrappers
    return executor(sql, params, many, context)
           ^^^^^^^^^^^^^^^^^^^^^^^^^^^^^^^^^^^^
  File "D:\selfie-connect-main\photovault_django\venv\Lib\site-packages\django\db\backends\utils.py", line 100, in _execute
    with self.db.wrap_database_errors:
  File "D:\selfie-connect-main\photovault_django\venv\Lib\site-packages\django\db\utils.py", line 91, in __exit__
    raise dj_exc_value.with_traceback(traceback) from exc_value
  File "D:\selfie-connect-main\photovault_django\venv\Lib\site-packages\django\db\backends\utils.py", line 105, in _execute
    return self.cursor.execute(sql, params)
           ^^^^^^^^^^^^^^^^^^^^^^^^^^^^^^^^
  File "D:\selfie-connect-main\photovault_django\venv\Lib\site-packages\django\db\backends\sqlite3\base.py", line 360, in execute
    return super().execute(query, params)
           ^^^^^^^^^^^^^^^^^^^^^^^^^^^^^^
django.db.utils.OperationalError: no such table: users
ERROR 2026-01-09 09:35:25,910 log 16600 6560 Internal Server Error: /api/auth/register/
Traceback (most recent call last):
  File "D:\selfie-connect-main\photovault_django\venv\Lib\site-packages\django\core\handlers\exception.py", line 55, in inner
    response = get_response(request)
               ^^^^^^^^^^^^^^^^^^^^^
  File "D:\selfie-connect-main\photovault_django\venv\Lib\site-packages\django\utils\deprecation.py", line 122, in __call__
    response = self.process_response(request, response)
               ^^^^^^^^^^^^^^^^^^^^^^^^^^^^^^^^^^^^^^^^
  File "D:\selfie-connect-main\photovault_django\apps\core\middleware.py", line 87, in process_response
    if hasattr(request, 'body') and request.body:
       ^^^^^^^^^^^^^^^^^^^^^^^^
  File "D:\selfie-connect-main\photovault_django\venv\Lib\site-packages\django\http\request.py", line 379, in body
    raise RawPostDataException(
django.http.request.RawPostDataException: You cannot access body after reading from request's data stream
ERROR 2026-01-09 09:35:25,913 basehttp 16600 6560 "POST /api/auth/register/ HTTP/1.1" 500 85437
INFO 2026-01-09 09:35:57,162 autoreload 16600 1652 D:\selfie-connect-main\photovault_django\apps\core\middleware.py changed, reloading.
INFO 2026-01-09 09:35:58,515 autoreload 4040 15584 Watching for file changes with StatReloader
ERROR 2026-01-09 09:36:10,069 log 4040 6788 Internal Server Error: /api/auth/register/
Traceback (most recent call last):
  File "D:\selfie-connect-main\photovault_django\venv\Lib\site-packages\django\db\backends\utils.py", line 105, in _execute
    return self.cursor.execute(sql, params)
           ^^^^^^^^^^^^^^^^^^^^^^^^^^^^^^^^
  File "D:\selfie-connect-main\photovault_django\venv\Lib\site-packages\django\db\backends\sqlite3\base.py", line 360, in execute
    return super().execute(query, params)
           ^^^^^^^^^^^^^^^^^^^^^^^^^^^^^^
sqlite3.OperationalError: no such table: users

The above exception was the direct cause of the following exception:

Traceback (most recent call last):
  File "D:\selfie-connect-main\photovault_django\venv\Lib\site-packages\django\core\handlers\exception.py", line 55, in inner
    response = get_response(request)
               ^^^^^^^^^^^^^^^^^^^^^
  File "D:\selfie-connect-main\photovault_django\venv\Lib\site-packages\django\core\handlers\base.py", line 197, in _get_response
    response = wrapped_callback(request, *callback_args, **callback_kwargs)
               ^^^^^^^^^^^^^^^^^^^^^^^^^^^^^^^^^^^^^^^^^^^^^^^^^^^^^^^^^^^^
  File "D:\selfie-connect-main\photovault_django\venv\Lib\site-packages\django\views\decorators\csrf.py", line 65, in _view_wrapper
    return view_func(request, *args, **kwargs)
           ^^^^^^^^^^^^^^^^^^^^^^^^^^^^^^^^^^^
  File "D:\selfie-connect-main\photovault_django\venv\Lib\site-packages\django\views\generic\base.py", line 105, in view
    return self.dispatch(request, *args, **kwargs)
           ^^^^^^^^^^^^^^^^^^^^^^^^^^^^^^^^^^^^^^^
  File "D:\selfie-connect-main\photovault_django\venv\Lib\site-packages\django\utils\decorators.py", line 48, in _wrapper
    return bound_method(*args, **kwargs)
           ^^^^^^^^^^^^^^^^^^^^^^^^^^^^^
  File "D:\selfie-connect-main\photovault_django\venv\Lib\site-packages\django\views\decorators\csrf.py", line 65, in _view_wrapper
    return view_func(request, *args, **kwargs)
           ^^^^^^^^^^^^^^^^^^^^^^^^^^^^^^^^^^^
  File "D:\selfie-connect-main\photovault_django\venv\Lib\site-packages\rest_framework\views.py", line 515, in dispatch
    response = self.handle_exception(exc)
               ^^^^^^^^^^^^^^^^^^^^^^^^^^
  File "D:\selfie-connect-main\photovault_django\venv\Lib\site-packages\rest_framework\views.py", line 475, in handle_exception
    self.raise_uncaught_exception(exc)
  File "D:\selfie-connect-main\photovault_django\venv\Lib\site-packages\rest_framework\views.py", line 486, in raise_uncaught_exception
    raise exc
  File "D:\selfie-connect-main\photovault_django\venv\Lib\site-packages\rest_framework\views.py", line 512, in dispatch
    response = handler(request, *args, **kwargs)
               ^^^^^^^^^^^^^^^^^^^^^^^^^^^^^^^^^
  File "D:\selfie-connect-main\photovault_django\venv\Lib\site-packages\django\utils\decorators.py", line 48, in _wrapper
    return bound_method(*args, **kwargs)
           ^^^^^^^^^^^^^^^^^^^^^^^^^^^^^
  File "D:\selfie-connect-main\photovault_django\venv\Lib\site-packages\django_ratelimit\decorators.py", line 27, in _wrapped
    return fn(request, *args, **kw)
           ^^^^^^^^^^^^^^^^^^^^^^^^
  File "D:\selfie-connect-main\photovault_django\apps\users\views.py", line 56, in post
    if serializer.is_valid():
       ^^^^^^^^^^^^^^^^^^^^^
  File "D:\selfie-connect-main\photovault_django\venv\Lib\site-packages\rest_framework\serializers.py", line 225, in is_valid
    self._validated_data = self.run_validation(self.initial_data)
                           ^^^^^^^^^^^^^^^^^^^^^^^^^^^^^^^^^^^^^^
  File "D:\selfie-connect-main\photovault_django\venv\Lib\site-packages\rest_framework\serializers.py", line 444, in run_validation
    value = self.to_internal_value(data)
            ^^^^^^^^^^^^^^^^^^^^^^^^^^^^
  File "D:\selfie-connect-main\photovault_django\venv\Lib\site-packages\rest_framework\serializers.py", line 501, in to_internal_value
    validated_value = field.run_validation(primitive_value)
                      ^^^^^^^^^^^^^^^^^^^^^^^^^^^^^^^^^^^^^
  File "D:\selfie-connect-main\photovault_django\venv\Lib\site-packages\rest_framework\fields.py", line 757, in run_validation
    return super().run_validation(data)
           ^^^^^^^^^^^^^^^^^^^^^^^^^^^^
  File "D:\selfie-connect-main\photovault_django\venv\Lib\site-packages\rest_framework\fields.py", line 539, in run_validation
    self.run_validators(value)
  File "D:\selfie-connect-main\photovault_django\venv\Lib\site-packages\rest_framework\fields.py", line 551, in run_validators
    validator(value, self)
  File "D:\selfie-connect-main\photovault_django\venv\Lib\site-packages\rest_framework\validators.py", line 86, in __call__
    if qs_exists(queryset):
       ^^^^^^^^^^^^^^^^^^^
  File "D:\selfie-connect-main\photovault_django\venv\Lib\site-packages\rest_framework\validators.py", line 23, in qs_exists
    return queryset.exists()
           ^^^^^^^^^^^^^^^^^
  File "D:\selfie-connect-main\photovault_django\venv\Lib\site-packages\django\db\models\query.py", line 1298, in exists
    return self.query.has_results(using=self.db)
           ^^^^^^^^^^^^^^^^^^^^^^^^^^^^^^^^^^^^^
  File "D:\selfie-connect-main\photovault_django\venv\Lib\site-packages\django\db\models\sql\query.py", line 674, in has_results
    return compiler.has_results()
           ^^^^^^^^^^^^^^^^^^^^^^
  File "D:\selfie-connect-main\photovault_django\venv\Lib\site-packages\django\db\models\sql\compiler.py", line 1591, in has_results
    return bool(self.execute_sql(SINGLE))
                ^^^^^^^^^^^^^^^^^^^^^^^^
  File "D:\selfie-connect-main\photovault_django\venv\Lib\site-packages\django\db\models\sql\compiler.py", line 1623, in execute_sql
    cursor.execute(sql, params)
  File "D:\selfie-connect-main\photovault_django\venv\Lib\site-packages\django\db\backends\utils.py", line 122, in execute
    return super().execute(sql, params)
           ^^^^^^^^^^^^^^^^^^^^^^^^^^^^
  File "D:\selfie-connect-main\photovault_django\venv\Lib\site-packages\django\db\backends\utils.py", line 79, in execute
    return self._execute_with_wrappers(
           ^^^^^^^^^^^^^^^^^^^^^^^^^^^^
  File "D:\selfie-connect-main\photovault_django\venv\Lib\site-packages\django\db\backends\utils.py", line 92, in _execute_with_wrappers
    return executor(sql, params, many, context)
           ^^^^^^^^^^^^^^^^^^^^^^^^^^^^^^^^^^^^
  File "D:\selfie-connect-main\photovault_django\venv\Lib\site-packages\django\db\backends\utils.py", line 100, in _execute
    with self.db.wrap_database_errors:
  File "D:\selfie-connect-main\photovault_django\venv\Lib\site-packages\django\db\utils.py", line 91, in __exit__
    raise dj_exc_value.with_traceback(traceback) from exc_value
  File "D:\selfie-connect-main\photovault_django\venv\Lib\site-packages\django\db\backends\utils.py", line 105, in _execute
    return self.cursor.execute(sql, params)
           ^^^^^^^^^^^^^^^^^^^^^^^^^^^^^^^^
  File "D:\selfie-connect-main\photovault_django\venv\Lib\site-packages\django\db\backends\sqlite3\base.py", line 360, in execute
    return super().execute(query, params)
           ^^^^^^^^^^^^^^^^^^^^^^^^^^^^^^
django.db.utils.OperationalError: no such table: users
ERROR 2026-01-09 09:36:10,076 basehttp 4040 6788 "POST /api/auth/register/ HTTP/1.1" 500 224899
INFO 2026-01-09 09:36:10,076 basehttp 4040 6788 - Broken pipe from ('127.0.0.1', 56827)
WARNING 2026-01-09 09:37:36,180 log 4040 11440 Bad Request: /api/auth/register/
WARNING 2026-01-09 09:37:36,180 basehttp 4040 11440 "POST /api/auth/register/ HTTP/1.1" 400 48
WARNING 2026-01-09 09:37:46,494 log 4040 11440 Bad Request: /api/auth/register/
WARNING 2026-01-09 09:37:46,494 basehttp 4040 11440 "POST /api/auth/register/ HTTP/1.1" 400 48
INFO 2026-01-09 09:38:28,411 basehttp 4040 11440 "POST /api/auth/register/ HTTP/1.1" 201 98
WARNING 2026-01-09 09:38:39,191 log 4040 11440 Bad Request: /api/auth/login/
WARNING 2026-01-09 09:38:39,192 basehttp 4040 11440 "POST /api/auth/login/ HTTP/1.1" 400 80
INFO 2026-01-09 09:39:22,941 basehttp 4040 15900 "GET /api/auth/csrf/ HTTP/1.1" 200 80
INFO 2026-01-09 09:39:22,945 basehttp 4040 15900 "GET /api/auth/csrf/ HTTP/1.1" 200 80
INFO 2026-01-09 09:39:23,270 basehttp 4040 11152 "OPTIONS /api/auth/register HTTP/1.1" 200 0
ERROR 2026-01-09 09:39:23,287 log 4040 15900 Internal Server Error: /api/auth/register
Traceback (most recent call last):
  File "D:\selfie-connect-main\photovault_django\venv\Lib\site-packages\django\core\handlers\exception.py", line 55, in inner
    response = get_response(request)
               ^^^^^^^^^^^^^^^^^^^^^
  File "D:\selfie-connect-main\photovault_django\venv\Lib\site-packages\django\utils\deprecation.py", line 122, in __call__
    response = self.process_response(request, response)
               ^^^^^^^^^^^^^^^^^^^^^^^^^^^^^^^^^^^^^^^^
  File "D:\selfie-connect-main\photovault_django\venv\Lib\site-packages\django\middleware\common.py", line 108, in process_response
    return self.response_redirect_class(self.get_full_path_with_slash(request))
                                        ^^^^^^^^^^^^^^^^^^^^^^^^^^^^^^^^^^^^^^
  File "D:\selfie-connect-main\photovault_django\venv\Lib\site-packages\django\middleware\common.py", line 87, in get_full_path_with_slash
    raise RuntimeError(
RuntimeError: You called this URL via POST, but the URL doesn't end in a slash and you have APPEND_SLASH set. Django can't redirect to the slash URL while maintaining POST data. Change your form to point to localhost:8000/api/auth/register/ (note the trailing slash), or set APPEND_SLASH=False in your Django settings.
ERROR 2026-01-09 09:39:23,287 basehttp 4040 15900 "POST /api/auth/register HTTP/1.1" 500 90138
ERROR 2026-01-09 09:39:23,322 log 4040 11320 Internal Server Error: /api/auth/register
Traceback (most recent call last):
  File "D:\selfie-connect-main\photovault_django\venv\Lib\site-packages\django\core\handlers\exception.py", line 55, in inner
    response = get_response(request)
               ^^^^^^^^^^^^^^^^^^^^^
  File "D:\selfie-connect-main\photovault_django\venv\Lib\site-packages\django\utils\deprecation.py", line 122, in __call__
    response = self.process_response(request, response)
               ^^^^^^^^^^^^^^^^^^^^^^^^^^^^^^^^^^^^^^^^
  File "D:\selfie-connect-main\photovault_django\venv\Lib\site-packages\django\middleware\common.py", line 108, in process_response
    return self.response_redirect_class(self.get_full_path_with_slash(request))
                                        ^^^^^^^^^^^^^^^^^^^^^^^^^^^^^^^^^^^^^^
  File "D:\selfie-connect-main\photovault_django\venv\Lib\site-packages\django\middleware\common.py", line 87, in get_full_path_with_slash
    raise RuntimeError(
RuntimeError: You called this URL via POST, but the URL doesn't end in a slash and you have APPEND_SLASH set. Django can't redirect to the slash URL while maintaining POST data. Change your form to point to localhost:8000/api/auth/register/ (note the trailing slash), or set APPEND_SLASH=False in your Django settings.
ERROR 2026-01-09 09:39:23,322 basehttp 4040 11320 "POST /api/auth/register HTTP/1.1" 500 90138
ERROR 2026-01-09 09:39:24,669 log 4040 10664 Internal Server Error: /api/auth/register
Traceback (most recent call last):
  File "D:\selfie-connect-main\photovault_django\venv\Lib\site-packages\django\core\handlers\exception.py", line 55, in inner
    response = get_response(request)
               ^^^^^^^^^^^^^^^^^^^^^
  File "D:\selfie-connect-main\photovault_django\venv\Lib\site-packages\django\utils\deprecation.py", line 122, in __call__
    response = self.process_response(request, response)
               ^^^^^^^^^^^^^^^^^^^^^^^^^^^^^^^^^^^^^^^^
  File "D:\selfie-connect-main\photovault_django\venv\Lib\site-packages\django\middleware\common.py", line 108, in process_response
    return self.response_redirect_class(self.get_full_path_with_slash(request))
                                        ^^^^^^^^^^^^^^^^^^^^^^^^^^^^^^^^^^^^^^
  File "D:\selfie-connect-main\photovault_django\venv\Lib\site-packages\django\middleware\common.py", line 87, in get_full_path_with_slash
    raise RuntimeError(
RuntimeError: You called this URL via POST, but the URL doesn't end in a slash and you have APPEND_SLASH set. Django can't redirect to the slash URL while maintaining POST data. Change your form to point to localhost:8000/api/auth/register/ (note the trailing slash), or set APPEND_SLASH=False in your Django settings.
ERROR 2026-01-09 09:39:24,669 basehttp 4040 10664 "POST /api/auth/register HTTP/1.1" 500 90138
ERROR 2026-01-09 09:39:26,717 log 4040 1964 Internal Server Error: /api/auth/register
Traceback (most recent call last):
  File "D:\selfie-connect-main\photovault_django\venv\Lib\site-packages\django\core\handlers\exception.py", line 55, in inner
    response = get_response(request)
               ^^^^^^^^^^^^^^^^^^^^^
  File "D:\selfie-connect-main\photovault_django\venv\Lib\site-packages\django\utils\deprecation.py", line 122, in __call__
    response = self.process_response(request, response)
               ^^^^^^^^^^^^^^^^^^^^^^^^^^^^^^^^^^^^^^^^
  File "D:\selfie-connect-main\photovault_django\venv\Lib\site-packages\django\middleware\common.py", line 108, in process_response
    return self.response_redirect_class(self.get_full_path_with_slash(request))
                                        ^^^^^^^^^^^^^^^^^^^^^^^^^^^^^^^^^^^^^^
  File "D:\selfie-connect-main\photovault_django\venv\Lib\site-packages\django\middleware\common.py", line 87, in get_full_path_with_slash
    raise RuntimeError(
RuntimeError: You called this URL via POST, but the URL doesn't end in a slash and you have APPEND_SLASH set. Django can't redirect to the slash URL while maintaining POST data. Change your form to point to localhost:8000/api/auth/register/ (note the trailing slash), or set APPEND_SLASH=False in your Django settings.
ERROR 2026-01-09 09:39:26,717 basehttp 4040 1964 "POST /api/auth/register HTTP/1.1" 500 90138
ERROR 2026-01-09 09:39:31,064 log 4040 5832 Internal Server Error: /api/auth/register
Traceback (most recent call last):
  File "D:\selfie-connect-main\photovault_django\venv\Lib\site-packages\django\core\handlers\exception.py", line 55, in inner
    response = get_response(request)
               ^^^^^^^^^^^^^^^^^^^^^
  File "D:\selfie-connect-main\photovault_django\venv\Lib\site-packages\django\utils\deprecation.py", line 122, in __call__
    response = self.process_response(request, response)
               ^^^^^^^^^^^^^^^^^^^^^^^^^^^^^^^^^^^^^^^^
  File "D:\selfie-connect-main\photovault_django\venv\Lib\site-packages\django\middleware\common.py", line 108, in process_response
    return self.response_redirect_class(self.get_full_path_with_slash(request))
                                        ^^^^^^^^^^^^^^^^^^^^^^^^^^^^^^^^^^^^^^
  File "D:\selfie-connect-main\photovault_django\venv\Lib\site-packages\django\middleware\common.py", line 87, in get_full_path_with_slash
    raise RuntimeError(
RuntimeError: You called this URL via POST, but the URL doesn't end in a slash and you have APPEND_SLASH set. Django can't redirect to the slash URL while maintaining POST data. Change your form to point to localhost:8000/api/auth/register/ (note the trailing slash), or set APPEND_SLASH=False in your Django settings.
ERROR 2026-01-09 09:39:31,079 basehttp 4040 5832 "POST /api/auth/register HTTP/1.1" 500 90138
INFO 2026-01-09 09:40:29,049 basehttp 4040 13952 "GET /api/auth/csrf/ HTTP/1.1" 200 80
INFO 2026-01-09 09:41:12,273 basehttp 4040 13952 "GET /api/auth/csrf/ HTTP/1.1" 200 80
INFO 2026-01-09 09:41:13,946 basehttp 4040 13952 "GET /api/auth/csrf/ HTTP/1.1" 200 80
INFO 2026-01-09 09:41:19,544 basehttp 4040 13952 "GET /api/auth/csrf/ HTTP/1.1" 200 80
INFO 2026-01-09 09:41:22,720 basehttp 4040 13952 "GET /api/auth/csrf/ HTTP/1.1" 200 80
INFO 2026-01-09 09:41:39,327 basehttp 4040 13952 "GET /api/auth/csrf/ HTTP/1.1" 200 80
ERROR 2026-01-09 09:41:39,369 log 4040 13952 Internal Server Error: /api/auth/register
Traceback (most recent call last):
  File "D:\selfie-connect-main\photovault_django\venv\Lib\site-packages\django\core\handlers\exception.py", line 55, in inner
    response = get_response(request)
               ^^^^^^^^^^^^^^^^^^^^^
  File "D:\selfie-connect-main\photovault_django\venv\Lib\site-packages\django\utils\deprecation.py", line 122, in __call__
    response = self.process_response(request, response)
               ^^^^^^^^^^^^^^^^^^^^^^^^^^^^^^^^^^^^^^^^
  File "D:\selfie-connect-main\photovault_django\venv\Lib\site-packages\django\middleware\common.py", line 108, in process_response
    return self.response_redirect_class(self.get_full_path_with_slash(request))
                                        ^^^^^^^^^^^^^^^^^^^^^^^^^^^^^^^^^^^^^^
  File "D:\selfie-connect-main\photovault_django\venv\Lib\site-packages\django\middleware\common.py", line 87, in get_full_path_with_slash
    raise RuntimeError(
RuntimeError: You called this URL via POST, but the URL doesn't end in a slash and you have APPEND_SLASH set. Django can't redirect to the slash URL while maintaining POST data. Change your form to point to localhost:8000/api/auth/register/ (note the trailing slash), or set APPEND_SLASH=False in your Django settings.
ERROR 2026-01-09 09:41:39,373 basehttp 4040 13952 "POST /api/auth/register HTTP/1.1" 500 90138
ERROR 2026-01-09 09:41:39,706 log 4040 10448 Internal Server Error: /api/auth/register
Traceback (most recent call last):
  File "D:\selfie-connect-main\photovault_django\venv\Lib\site-packages\django\core\handlers\exception.py", line 55, in inner
    response = get_response(request)
               ^^^^^^^^^^^^^^^^^^^^^
  File "D:\selfie-connect-main\photovault_django\venv\Lib\site-packages\django\utils\deprecation.py", line 122, in __call__
    response = self.process_response(request, response)
               ^^^^^^^^^^^^^^^^^^^^^^^^^^^^^^^^^^^^^^^^
  File "D:\selfie-connect-main\photovault_django\venv\Lib\site-packages\django\middleware\common.py", line 108, in process_response
    return self.response_redirect_class(self.get_full_path_with_slash(request))
                                        ^^^^^^^^^^^^^^^^^^^^^^^^^^^^^^^^^^^^^^
  File "D:\selfie-connect-main\photovault_django\venv\Lib\site-packages\django\middleware\common.py", line 87, in get_full_path_with_slash
    raise RuntimeError(
RuntimeError: You called this URL via POST, but the URL doesn't end in a slash and you have APPEND_SLASH set. Django can't redirect to the slash URL while maintaining POST data. Change your form to point to localhost:8000/api/auth/register/ (note the trailing slash), or set APPEND_SLASH=False in your Django settings.
ERROR 2026-01-09 09:41:39,721 basehttp 4040 10448 "POST /api/auth/register HTTP/1.1" 500 90138
ERROR 2026-01-09 09:41:40,772 log 4040 2864 Internal Server Error: /api/auth/register
Traceback (most recent call last):
  File "D:\selfie-connect-main\photovault_django\venv\Lib\site-packages\django\core\handlers\exception.py", line 55, in inner
    response = get_response(request)
               ^^^^^^^^^^^^^^^^^^^^^
  File "D:\selfie-connect-main\photovault_django\venv\Lib\site-packages\django\utils\deprecation.py", line 122, in __call__
    response = self.process_response(request, response)
               ^^^^^^^^^^^^^^^^^^^^^^^^^^^^^^^^^^^^^^^^
  File "D:\selfie-connect-main\photovault_django\venv\Lib\site-packages\django\middleware\common.py", line 108, in process_response
    return self.response_redirect_class(self.get_full_path_with_slash(request))
                                        ^^^^^^^^^^^^^^^^^^^^^^^^^^^^^^^^^^^^^^
  File "D:\selfie-connect-main\photovault_django\venv\Lib\site-packages\django\middleware\common.py", line 87, in get_full_path_with_slash
    raise RuntimeError(
RuntimeError: You called this URL via POST, but the URL doesn't end in a slash and you have APPEND_SLASH set. Django can't redirect to the slash URL while maintaining POST data. Change your form to point to localhost:8000/api/auth/register/ (note the trailing slash), or set APPEND_SLASH=False in your Django settings.
ERROR 2026-01-09 09:41:40,773 basehttp 4040 2864 "POST /api/auth/register HTTP/1.1" 500 90138
ERROR 2026-01-09 09:41:43,121 log 4040 3044 Internal Server Error: /api/auth/register
Traceback (most recent call last):
  File "D:\selfie-connect-main\photovault_django\venv\Lib\site-packages\django\core\handlers\exception.py", line 55, in inner
    response = get_response(request)
               ^^^^^^^^^^^^^^^^^^^^^
  File "D:\selfie-connect-main\photovault_django\venv\Lib\site-packages\django\utils\deprecation.py", line 122, in __call__
    response = self.process_response(request, response)
               ^^^^^^^^^^^^^^^^^^^^^^^^^^^^^^^^^^^^^^^^
  File "D:\selfie-connect-main\photovault_django\venv\Lib\site-packages\django\middleware\common.py", line 108, in process_response
    return self.response_redirect_class(self.get_full_path_with_slash(request))
                                        ^^^^^^^^^^^^^^^^^^^^^^^^^^^^^^^^^^^^^^
  File "D:\selfie-connect-main\photovault_django\venv\Lib\site-packages\django\middleware\common.py", line 87, in get_full_path_with_slash
    raise RuntimeError(
RuntimeError: You called this URL via POST, but the URL doesn't end in a slash and you have APPEND_SLASH set. Django can't redirect to the slash URL while maintaining POST data. Change your form to point to localhost:8000/api/auth/register/ (note the trailing slash), or set APPEND_SLASH=False in your Django settings.
ERROR 2026-01-09 09:41:43,121 basehttp 4040 3044 "POST /api/auth/register HTTP/1.1" 500 90138
ERROR 2026-01-09 09:41:47,263 log 4040 7848 Internal Server Error: /api/auth/register
Traceback (most recent call last):
  File "D:\selfie-connect-main\photovault_django\venv\Lib\site-packages\django\core\handlers\exception.py", line 55, in inner
    response = get_response(request)
               ^^^^^^^^^^^^^^^^^^^^^
  File "D:\selfie-connect-main\photovault_django\venv\Lib\site-packages\django\utils\deprecation.py", line 122, in __call__
    response = self.process_response(request, response)
               ^^^^^^^^^^^^^^^^^^^^^^^^^^^^^^^^^^^^^^^^
  File "D:\selfie-connect-main\photovault_django\venv\Lib\site-packages\django\middleware\common.py", line 108, in process_response
    return self.response_redirect_class(self.get_full_path_with_slash(request))
                                        ^^^^^^^^^^^^^^^^^^^^^^^^^^^^^^^^^^^^^^
  File "D:\selfie-connect-main\photovault_django\venv\Lib\site-packages\django\middleware\common.py", line 87, in get_full_path_with_slash
    raise RuntimeError(
RuntimeError: You called this URL via POST, but the URL doesn't end in a slash and you have APPEND_SLASH set. Django can't redirect to the slash URL while maintaining POST data. Change your form to point to localhost:8000/api/auth/register/ (note the trailing slash), or set APPEND_SLASH=False in your Django settings.
ERROR 2026-01-09 09:41:47,266 basehttp 4040 7848 "POST /api/auth/register HTTP/1.1" 500 90138
INFO 2026-01-09 09:44:04,580 basehttp 4040 8292 "GET /api/auth/csrf/ HTTP/1.1" 200 80
INFO 2026-01-09 09:44:10,810 basehttp 4040 8292 "GET /api/auth/csrf/ HTTP/1.1" 200 80
INFO 2026-01-09 09:45:02,001 basehttp 4040 17976 "POST /api/auth/register/ HTTP/1.1" 201 98
ERROR 2026-01-09 09:48:34,509 log 4040 13752 Service Unavailable: /health/
ERROR 2026-01-09 09:48:34,509 basehttp 4040 13752 "GET /health/ HTTP/1.1" 503 254
INFO 2026-01-09 09:51:30,838 basehttp 4040 11864 "POST /api/auth/register/ HTTP/1.1" 201 98
WARNING 2026-01-09 09:51:41,870 log 4040 11864 Bad Request: /api/auth/login/
WARNING 2026-01-09 09:51:41,875 basehttp 4040 11864 "POST /api/auth/login/ HTTP/1.1" 400 80
INFO 2026-01-09 09:53:24,054 basehttp 4040 18780 "POST /api/auth/login/ HTTP/1.1" 200 695
INFO 2026-01-09 09:53:34,877 basehttp 4040 18780 "GET /api/auth/me/ HTTP/1.1" 200 186
WARNING 2026-01-09 09:54:07,180 log 4040 18560 Unauthorized: /api/images/
WARNING 2026-01-09 09:54:07,180 basehttp 4040 18560 "GET /api/images/ HTTP/1.1" 401 107
INFO 2026-01-09 09:54:48,139 basehttp 4040 18560 "POST /api/auth/login/ HTTP/1.1" 200 695
INFO 2026-01-09 09:54:48,294 basehttp 4040 18560 "GET /api/images/ HTTP/1.1" 200 52
ERROR 2026-01-09 09:58:28,945 log 15852 7636 Internal Server Error: /api/auth/register/
Traceback (most recent call last):
  File "D:\selfie-connect-main\photovault_django\venv\Lib\site-packages\django\core\handlers\exception.py", line 55, in inner
    response = get_response(request)
               ^^^^^^^^^^^^^^^^^^^^^
  File "D:\selfie-connect-main\photovault_django\venv\Lib\site-packages\django\core\handlers\base.py", line 197, in _get_response
    response = wrapped_callback(request, *callback_args, **callback_kwargs)
               ^^^^^^^^^^^^^^^^^^^^^^^^^^^^^^^^^^^^^^^^^^^^^^^^^^^^^^^^^^^^
  File "D:\selfie-connect-main\photovault_django\venv\Lib\site-packages\django\views\decorators\csrf.py", line 65, in _view_wrapper
    return view_func(request, *args, **kwargs)
           ^^^^^^^^^^^^^^^^^^^^^^^^^^^^^^^^^^^
  File "D:\selfie-connect-main\photovault_django\venv\Lib\site-packages\django\views\generic\base.py", line 105, in view
    return self.dispatch(request, *args, **kwargs)
           ^^^^^^^^^^^^^^^^^^^^^^^^^^^^^^^^^^^^^^^
  File "D:\selfie-connect-main\photovault_django\venv\Lib\site-packages\django\utils\decorators.py", line 48, in _wrapper
    return bound_method(*args, **kwargs)
           ^^^^^^^^^^^^^^^^^^^^^^^^^^^^^
  File "D:\selfie-connect-main\photovault_django\venv\Lib\site-packages\django\views\decorators\csrf.py", line 65, in _view_wrapper
    return view_func(request, *args, **kwargs)
           ^^^^^^^^^^^^^^^^^^^^^^^^^^^^^^^^^^^
  File "D:\selfie-connect-main\photovault_django\venv\Lib\site-packages\rest_framework\views.py", line 515, in dispatch
    response = self.handle_exception(exc)
               ^^^^^^^^^^^^^^^^^^^^^^^^^^
  File "D:\selfie-connect-main\photovault_django\venv\Lib\site-packages\rest_framework\views.py", line 475, in handle_exception
    self.raise_uncaught_exception(exc)
  File "D:\selfie-connect-main\photovault_django\venv\Lib\site-packages\rest_framework\views.py", line 486, in raise_uncaught_exception
    raise exc
  File "D:\selfie-connect-main\photovault_django\venv\Lib\site-packages\rest_framework\views.py", line 512, in dispatch
    response = handler(request, *args, **kwargs)
               ^^^^^^^^^^^^^^^^^^^^^^^^^^^^^^^^^
  File "D:\selfie-connect-main\photovault_django\venv\Lib\site-packages\django\utils\decorators.py", line 48, in _wrapper
    return bound_method(*args, **kwargs)
           ^^^^^^^^^^^^^^^^^^^^^^^^^^^^^
  File "D:\selfie-connect-main\photovault_django\venv\Lib\site-packages\django_ratelimit\decorators.py", line 27, in _wrapped
    return fn(request, *args, **kw)
           ^^^^^^^^^^^^^^^^^^^^^^^^
  File "D:\selfie-connect-main\photovault_django\apps\users\views.py", line 56, in post
    if serializer.is_valid():
       ^^^^^^^^^^^^^^^^^^^^^
  File "D:\selfie-connect-main\photovault_django\venv\Lib\site-packages\rest_framework\serializers.py", line 225, in is_valid
    self._validated_data = self.run_validation(self.initial_data)
                           ^^^^^^^^^^^^^^^^^^^^^^^^^^^^^^^^^^^^^^
  File "D:\selfie-connect-main\photovault_django\venv\Lib\site-packages\rest_framework\serializers.py", line 444, in run_validation
    value = self.to_internal_value(data)
            ^^^^^^^^^^^^^^^^^^^^^^^^^^^^
  File "D:\selfie-connect-main\photovault_django\venv\Lib\site-packages\rest_framework\serializers.py", line 501, in to_internal_value
    validated_value = field.run_validation(primitive_value)
                      ^^^^^^^^^^^^^^^^^^^^^^^^^^^^^^^^^^^^^
  File "D:\selfie-connect-main\photovault_django\venv\Lib\site-packages\rest_framework\fields.py", line 757, in run_validation
    return super().run_validation(data)
           ^^^^^^^^^^^^^^^^^^^^^^^^^^^^
  File "D:\selfie-connect-main\photovault_django\venv\Lib\site-packages\rest_framework\fields.py", line 539, in run_validation
    self.run_validators(value)
  File "D:\selfie-connect-main\photovault_django\venv\Lib\site-packages\rest_framework\fields.py", line 551, in run_validators
    validator(value, self)
  File "D:\selfie-connect-main\photovault_django\venv\Lib\site-packages\rest_framework\validators.py", line 86, in __call__
    if qs_exists(queryset):
       ^^^^^^^^^^^^^^^^^^^
  File "D:\selfie-connect-main\photovault_django\venv\Lib\site-packages\rest_framework\validators.py", line 23, in qs_exists
    return queryset.exists()
           ^^^^^^^^^^^^^^^^^
  File "D:\selfie-connect-main\photovault_django\venv\Lib\site-packages\django\db\models\query.py", line 1298, in exists
    return self.query.has_results(using=self.db)
           ^^^^^^^^^^^^^^^^^^^^^^^^^^^^^^^^^^^^^
  File "D:\selfie-connect-main\photovault_django\venv\Lib\site-packages\django\db\models\sql\query.py", line 674, in has_results
    return compiler.has_results()
           ^^^^^^^^^^^^^^^^^^^^^^
  File "D:\selfie-connect-main\photovault_django\venv\Lib\site-packages\django\db\models\sql\compiler.py", line 1591, in has_results
    return bool(self.execute_sql(SINGLE))
                ^^^^^^^^^^^^^^^^^^^^^^^^
  File "D:\selfie-connect-main\photovault_django\venv\Lib\site-packages\django\db\models\sql\compiler.py", line 1621, in execute_sql
    cursor = self.connection.cursor()
             ^^^^^^^^^^^^^^^^^^^^^^^^
  File "D:\selfie-connect-main\photovault_django\venv\Lib\site-packages\django\utils\asyncio.py", line 26, in inner
    return func(*args, **kwargs)
           ^^^^^^^^^^^^^^^^^^^^^
  File "D:\selfie-connect-main\photovault_django\venv\Lib\site-packages\django\db\backends\base\base.py", line 320, in cursor
    return self._cursor()
           ^^^^^^^^^^^^^^
  File "D:\selfie-connect-main\photovault_django\venv\Lib\site-packages\django\db\backends\base\base.py", line 296, in _cursor
    self.ensure_connection()
  File "D:\selfie-connect-main\photovault_django\venv\Lib\site-packages\pytest_django\plugin.py", line 832, in _blocking_wrapper
    raise RuntimeError(
RuntimeError: Database access not allowed, use the "django_db" mark, or the "db" or "transactional_db" fixtures to enable it.
WARNING 2026-01-09 10:00:41,104 log 20704 16816 Bad Request: /api/auth/register/
WARNING 2026-01-09 10:00:41,116 log 20704 16816 Bad Request: /api/auth/register/
WARNING 2026-01-09 10:00:41,129 log 20704 16816 Bad Request: /api/auth/register/
WARNING 2026-01-09 10:00:41,142 log 20704 16816 Bad Request: /api/auth/register/
WARNING 2026-01-09 10:00:41,813 log 20704 16816 Bad Request: /api/auth/login/
WARNING 2026-01-09 10:00:42,066 log 20704 16816 Bad Request: /api/auth/login/
WARNING 2026-01-09 10:00:42,084 log 20704 16816 Bad Request: /api/auth/login/
WARNING 2026-01-09 10:00:42,232 log 20704 16816 Unauthorized: /api/auth/me/
WARNING 2026-01-09 10:00:42,259 log 20704 16816 Unauthorized: /api/auth/me/
WARNING 2026-01-09 10:00:42,553 log 20704 16816 Bad Request: /api/auth/login/
WARNING 2026-01-09 10:00:42,721 log 20704 16816 Bad Request: /api/auth/login/
WARNING 2026-01-09 10:00:42,898 log 20704 16816 Bad Request: /api/auth/login/
WARNING 2026-01-09 10:00:42,927 log 20704 16816 Bad Request: /api/auth/login/
INFO 2026-01-09 10:01:04,433 autoreload 4040 15584 D:\selfie-connect-main\photovault_django\apps\users\serializers.py changed, reloading.
INFO 2026-01-09 10:01:06,555 autoreload 3516 18128 Watching for file changes with StatReloader
INFO 2026-01-09 10:04:51,048 autoreload 3516 18128 D:\selfie-connect-main\photovault_django\photovault\settings.py changed, reloading.
INFO 2026-01-09 10:04:59,726 autoreload 20928 13900 Watching for file changes with StatReloader
INFO 2026-01-09 10:08:29,255 basehttp 20064 12232 "GET /api/auth/csrf/ HTTP/1.1" 200 80
INFO 2026-01-09 10:20:04,875 basehttp 14216 12860 "GET /api/auth/csrf/ HTTP/1.1" 200 80
INFO 2026-01-09 10:20:06,925 basehttp 14216 20856 "GET /api/auth/csrf/ HTTP/1.1" 200 80
WARNING 2026-01-09 10:20:09,020 log 14216 19980 Bad Request: /api/auth/register/
WARNING 2026-01-09 10:20:09,021 basehttp 14216 19980 "POST /api/auth/register/ HTTP/1.1" 400 50
INFO 2026-01-09 10:20:16,540 basehttp 14216 11996 "OPTIONS /api/auth/csrf/ HTTP/1.1" 200 0
WARNING 2026-01-09 10:20:17,024 log 14216 18136 Unauthorized: /api/auth/csrf/
WARNING 2026-01-09 10:20:17,024 basehttp 14216 18136 "GET /api/auth/csrf/ HTTP/1.1" 401 183
INFO 2026-01-09 10:20:17,038 basehttp 14216 11996 "OPTIONS /api/auth/refresh/ HTTP/1.1" 200 0
WARNING 2026-01-09 10:20:17,052 log 14216 18136 Bad Request: /api/auth/refresh/
WARNING 2026-01-09 10:20:17,054 basehttp 14216 18136 "POST /api/auth/refresh/ HTTP/1.1" 400 39
INFO 2026-01-09 10:20:19,501 basehttp 14216 18136 "GET /api/auth/csrf/ HTTP/1.1" 200 80
INFO 2026-01-09 10:20:32,991 basehttp 14216 18136 "GET /api/auth/csrf/ HTTP/1.1" 200 80
INFO 2026-01-09 10:20:42,123 basehttp 14216 18136 "GET /api/auth/csrf/ HTTP/1.1" 200 80
INFO 2026-01-09 10:20:45,204 basehttp 14216 18136 "GET /api/auth/csrf/ HTTP/1.1" 200 80
INFO 2026-01-09 10:20:50,211 basehttp 14216 18136 "GET /api/auth/csrf/ HTTP/1.1" 200 80
INFO 2026-01-09 10:21:40,894 basehttp 14216 18136 "GET /api/auth/csrf/ HTTP/1.1" 200 80
INFO 2026-01-09 10:21:43,476 basehttp 14216 18136 "GET /api/auth/csrf/ HTTP/1.1" 200 80
INFO 2026-01-09 10:21:46,526 basehttp 14216 18136 "GET /api/auth/csrf/ HTTP/1.1" 200 80
INFO 2026-01-09 10:22:10,844 basehttp 14216 18136 "GET /api/auth/csrf/ HTTP/1.1" 200 80
INFO 2026-01-09 10:22:10,894 basehttp 14216 11996 "OPTIONS /api/auth/register/ HTTP/1.1" 200 0
WARNING 2026-01-09 10:22:10,905 log 14216 18136 Bad Request: /api/auth/register/
WARNING 2026-01-09 10:22:10,906 basehttp 14216 18136 "POST /api/auth/register/ HTTP/1.1" 400 48
INFO 2026-01-09 10:23:02,872 basehttp 14216 15400 "GET /api/auth/csrf/ HTTP/1.1" 200 80
INFO 2026-01-09 10:23:05,104 basehttp 14216 21420 "POST /api/auth/register/ HTTP/1.1" 201 98
INFO 2026-01-09 10:23:07,137 basehttp 14216 2992 "GET /api/auth/csrf/ HTTP/1.1" 200 80
WARNING 2026-01-09 10:23:09,257 log 14216 16484 Bad Request: /api/auth/login/
WARNING 2026-01-09 10:23:09,257 basehttp 14216 16484 "POST /api/auth/login/ HTTP/1.1" 400 80
INFO 2026-01-09 10:23:11,303 basehttp 14216 13488 "OPTIONS /api/auth/csrf/ HTTP/1.1" 200 190
ERROR 2026-01-09 10:24:30,704 log 5624 20592 Invalid HTTP_HOST header: 'testserver'. You may need to add 'testserver' to ALLOWED_HOSTS.
Traceback (most recent call last):
  File "C:\Users\REHMAN\AppData\Local\Programs\Python\Python311\Lib\site-packages\django\core\handlers\exception.py", line 55, in inner
    response = get_response(request)
               ^^^^^^^^^^^^^^^^^^^^^
  File "C:\Users\REHMAN\AppData\Local\Programs\Python\Python311\Lib\site-packages\django\utils\deprecation.py", line 119, in __call__
    response = self.process_request(request)
               ^^^^^^^^^^^^^^^^^^^^^^^^^^^^^
  File "C:\Users\REHMAN\AppData\Local\Programs\Python\Python311\Lib\site-packages\django\middleware\common.py", line 48, in process_request
    host = request.get_host()
           ^^^^^^^^^^^^^^^^^^
  File "C:\Users\REHMAN\AppData\Local\Programs\Python\Python311\Lib\site-packages\django\http\request.py", line 202, in get_host
    raise DisallowedHost(msg)
django.core.exceptions.DisallowedHost: Invalid HTTP_HOST header: 'testserver'. You may need to add 'testserver' to ALLOWED_HOSTS.
ERROR 2026-01-09 10:24:31,026 log 5624 20592 Invalid HTTP_HOST header: 'testserver'. You may need to add 'testserver' to ALLOWED_HOSTS.
Traceback (most recent call last):
  File "C:\Users\REHMAN\AppData\Local\Programs\Python\Python311\Lib\site-packages\django\core\handlers\exception.py", line 55, in inner
    response = get_response(request)
               ^^^^^^^^^^^^^^^^^^^^^
  File "C:\Users\REHMAN\AppData\Local\Programs\Python\Python311\Lib\site-packages\django\utils\deprecation.py", line 119, in __call__
    response = self.process_request(request)
               ^^^^^^^^^^^^^^^^^^^^^^^^^^^^^
  File "C:\Users\REHMAN\AppData\Local\Programs\Python\Python311\Lib\site-packages\django\middleware\common.py", line 48, in process_request
    host = request.get_host()
           ^^^^^^^^^^^^^^^^^^
  File "C:\Users\REHMAN\AppData\Local\Programs\Python\Python311\Lib\site-packages\django\http\request.py", line 202, in get_host
    raise DisallowedHost(msg)
django.core.exceptions.DisallowedHost: Invalid HTTP_HOST header: 'testserver'. You may need to add 'testserver' to ALLOWED_HOSTS.
ERROR 2026-01-09 10:24:31,054 log 5624 20592 Invalid HTTP_HOST header: 'testserver'. You may need to add 'testserver' to ALLOWED_HOSTS.
Traceback (most recent call last):
  File "C:\Users\REHMAN\AppData\Local\Programs\Python\Python311\Lib\site-packages\django\core\handlers\exception.py", line 55, in inner
    response = get_response(request)
               ^^^^^^^^^^^^^^^^^^^^^
  File "C:\Users\REHMAN\AppData\Local\Programs\Python\Python311\Lib\site-packages\django\utils\deprecation.py", line 119, in __call__
    response = self.process_request(request)
               ^^^^^^^^^^^^^^^^^^^^^^^^^^^^^
  File "C:\Users\REHMAN\AppData\Local\Programs\Python\Python311\Lib\site-packages\django\middleware\common.py", line 48, in process_request
    host = request.get_host()
           ^^^^^^^^^^^^^^^^^^
  File "C:\Users\REHMAN\AppData\Local\Programs\Python\Python311\Lib\site-packages\django\http\request.py", line 202, in get_host
    raise DisallowedHost(msg)
django.core.exceptions.DisallowedHost: Invalid HTTP_HOST header: 'testserver'. You may need to add 'testserver' to ALLOWED_HOSTS.
ERROR 2026-01-09 10:24:31,081 log 5624 20592 Invalid HTTP_HOST header: 'testserver'. You may need to add 'testserver' to ALLOWED_HOSTS.
Traceback (most recent call last):
  File "C:\Users\REHMAN\AppData\Local\Programs\Python\Python311\Lib\site-packages\django\core\handlers\exception.py", line 55, in inner
    response = get_response(request)
               ^^^^^^^^^^^^^^^^^^^^^
  File "C:\Users\REHMAN\AppData\Local\Programs\Python\Python311\Lib\site-packages\django\utils\deprecation.py", line 119, in __call__
    response = self.process_request(request)
               ^^^^^^^^^^^^^^^^^^^^^^^^^^^^^
  File "C:\Users\REHMAN\AppData\Local\Programs\Python\Python311\Lib\site-packages\django\middleware\common.py", line 48, in process_request
    host = request.get_host()
           ^^^^^^^^^^^^^^^^^^
  File "C:\Users\REHMAN\AppData\Local\Programs\Python\Python311\Lib\site-packages\django\http\request.py", line 202, in get_host
    raise DisallowedHost(msg)
django.core.exceptions.DisallowedHost: Invalid HTTP_HOST header: 'testserver'. You may need to add 'testserver' to ALLOWED_HOSTS.
ERROR 2026-01-09 10:24:31,107 log 5624 20592 Invalid HTTP_HOST header: 'testserver'. You may need to add 'testserver' to ALLOWED_HOSTS.
Traceback (most recent call last):
  File "C:\Users\REHMAN\AppData\Local\Programs\Python\Python311\Lib\site-packages\django\core\handlers\exception.py", line 55, in inner
    response = get_response(request)
               ^^^^^^^^^^^^^^^^^^^^^
  File "C:\Users\REHMAN\AppData\Local\Programs\Python\Python311\Lib\site-packages\django\utils\deprecation.py", line 119, in __call__
    response = self.process_request(request)
               ^^^^^^^^^^^^^^^^^^^^^^^^^^^^^
  File "C:\Users\REHMAN\AppData\Local\Programs\Python\Python311\Lib\site-packages\django\middleware\common.py", line 48, in process_request
    host = request.get_host()
           ^^^^^^^^^^^^^^^^^^
  File "C:\Users\REHMAN\AppData\Local\Programs\Python\Python311\Lib\site-packages\django\http\request.py", line 202, in get_host
    raise DisallowedHost(msg)
django.core.exceptions.DisallowedHost: Invalid HTTP_HOST header: 'testserver'. You may need to add 'testserver' to ALLOWED_HOSTS.
ERROR 2026-01-09 10:24:31,138 log 5624 20592 Invalid HTTP_HOST header: 'testserver'. You may need to add 'testserver' to ALLOWED_HOSTS.
Traceback (most recent call last):
  File "C:\Users\REHMAN\AppData\Local\Programs\Python\Python311\Lib\site-packages\django\core\handlers\exception.py", line 55, in inner
    response = get_response(request)
               ^^^^^^^^^^^^^^^^^^^^^
  File "C:\Users\REHMAN\AppData\Local\Programs\Python\Python311\Lib\site-packages\django\utils\deprecation.py", line 119, in __call__
    response = self.process_request(request)
               ^^^^^^^^^^^^^^^^^^^^^^^^^^^^^
  File "C:\Users\REHMAN\AppData\Local\Programs\Python\Python311\Lib\site-packages\django\middleware\common.py", line 48, in process_request
    host = request.get_host()
           ^^^^^^^^^^^^^^^^^^
  File "C:\Users\REHMAN\AppData\Local\Programs\Python\Python311\Lib\site-packages\django\http\request.py", line 202, in get_host
    raise DisallowedHost(msg)
django.core.exceptions.DisallowedHost: Invalid HTTP_HOST header: 'testserver'. You may need to add 'testserver' to ALLOWED_HOSTS.
ERROR 2026-01-09 10:24:31,176 log 5624 20592 Invalid HTTP_HOST header: 'testserver'. You may need to add 'testserver' to ALLOWED_HOSTS.
Traceback (most recent call last):
  File "C:\Users\REHMAN\AppData\Local\Programs\Python\Python311\Lib\site-packages\django\core\handlers\exception.py", line 55, in inner
    response = get_response(request)
               ^^^^^^^^^^^^^^^^^^^^^
  File "C:\Users\REHMAN\AppData\Local\Programs\Python\Python311\Lib\site-packages\django\utils\deprecation.py", line 119, in __call__
    response = self.process_request(request)
               ^^^^^^^^^^^^^^^^^^^^^^^^^^^^^
  File "C:\Users\REHMAN\AppData\Local\Programs\Python\Python311\Lib\site-packages\django\middleware\common.py", line 48, in process_request
    host = request.get_host()
           ^^^^^^^^^^^^^^^^^^
  File "C:\Users\REHMAN\AppData\Local\Programs\Python\Python311\Lib\site-packages\django\http\request.py", line 202, in get_host
    raise DisallowedHost(msg)
django.core.exceptions.DisallowedHost: Invalid HTTP_HOST header: 'testserver'. You may need to add 'testserver' to ALLOWED_HOSTS.
ERROR 2026-01-09 10:24:31,229 log 5624 20592 Invalid HTTP_HOST header: 'testserver'. You may need to add 'testserver' to ALLOWED_HOSTS.
Traceback (most recent call last):
  File "C:\Users\REHMAN\AppData\Local\Programs\Python\Python311\Lib\site-packages\django\core\handlers\exception.py", line 55, in inner
    response = get_response(request)
               ^^^^^^^^^^^^^^^^^^^^^
  File "C:\Users\REHMAN\AppData\Local\Programs\Python\Python311\Lib\site-packages\django\utils\deprecation.py", line 119, in __call__
    response = self.process_request(request)
               ^^^^^^^^^^^^^^^^^^^^^^^^^^^^^
  File "C:\Users\REHMAN\AppData\Local\Programs\Python\Python311\Lib\site-packages\django\middleware\common.py", line 48, in process_request
    host = request.get_host()
           ^^^^^^^^^^^^^^^^^^
  File "C:\Users\REHMAN\AppData\Local\Programs\Python\Python311\Lib\site-packages\django\http\request.py", line 202, in get_host
    raise DisallowedHost(msg)
django.core.exceptions.DisallowedHost: Invalid HTTP_HOST header: 'testserver'. You may need to add 'testserver' to ALLOWED_HOSTS.
ERROR 2026-01-09 10:24:31,291 log 5624 20592 Invalid HTTP_HOST header: 'testserver'. You may need to add 'testserver' to ALLOWED_HOSTS.
Traceback (most recent call last):
  File "C:\Users\REHMAN\AppData\Local\Programs\Python\Python311\Lib\site-packages\django\core\handlers\exception.py", line 55, in inner
    response = get_response(request)
               ^^^^^^^^^^^^^^^^^^^^^
  File "C:\Users\REHMAN\AppData\Local\Programs\Python\Python311\Lib\site-packages\django\utils\deprecation.py", line 119, in __call__
    response = self.process_request(request)
               ^^^^^^^^^^^^^^^^^^^^^^^^^^^^^
  File "C:\Users\REHMAN\AppData\Local\Programs\Python\Python311\Lib\site-packages\django\middleware\common.py", line 48, in process_request
    host = request.get_host()
           ^^^^^^^^^^^^^^^^^^
  File "C:\Users\REHMAN\AppData\Local\Programs\Python\Python311\Lib\site-packages\django\http\request.py", line 202, in get_host
    raise DisallowedHost(msg)
django.core.exceptions.DisallowedHost: Invalid HTTP_HOST header: 'testserver'. You may need to add 'testserver' to ALLOWED_HOSTS.
ERROR 2026-01-09 10:24:31,325 log 5624 20592 Invalid HTTP_HOST header: 'testserver'. You may need to add 'testserver' to ALLOWED_HOSTS.
Traceback (most recent call last):
  File "C:\Users\REHMAN\AppData\Local\Programs\Python\Python311\Lib\site-packages\django\core\handlers\exception.py", line 55, in inner
    response = get_response(request)
               ^^^^^^^^^^^^^^^^^^^^^
  File "C:\Users\REHMAN\AppData\Local\Programs\Python\Python311\Lib\site-packages\django\utils\deprecation.py", line 119, in __call__
    response = self.process_request(request)
               ^^^^^^^^^^^^^^^^^^^^^^^^^^^^^
  File "C:\Users\REHMAN\AppData\Local\Programs\Python\Python311\Lib\site-packages\django\middleware\common.py", line 48, in process_request
    host = request.get_host()
           ^^^^^^^^^^^^^^^^^^
  File "C:\Users\REHMAN\AppData\Local\Programs\Python\Python311\Lib\site-packages\django\http\request.py", line 202, in get_host
    raise DisallowedHost(msg)
django.core.exceptions.DisallowedHost: Invalid HTTP_HOST header: 'testserver'. You may need to add 'testserver' to ALLOWED_HOSTS.
ERROR 2026-01-09 10:24:31,344 log 5624 20592 Invalid HTTP_HOST header: 'testserver'. You may need to add 'testserver' to ALLOWED_HOSTS.
Traceback (most recent call last):
  File "C:\Users\REHMAN\AppData\Local\Programs\Python\Python311\Lib\site-packages\django\core\handlers\exception.py", line 55, in inner
    response = get_response(request)
               ^^^^^^^^^^^^^^^^^^^^^
  File "C:\Users\REHMAN\AppData\Local\Programs\Python\Python311\Lib\site-packages\django\utils\deprecation.py", line 119, in __call__
    response = self.process_request(request)
               ^^^^^^^^^^^^^^^^^^^^^^^^^^^^^
  File "C:\Users\REHMAN\AppData\Local\Programs\Python\Python311\Lib\site-packages\django\middleware\common.py", line 48, in process_request
    host = request.get_host()
           ^^^^^^^^^^^^^^^^^^
  File "C:\Users\REHMAN\AppData\Local\Programs\Python\Python311\Lib\site-packages\django\http\request.py", line 202, in get_host
    raise DisallowedHost(msg)
django.core.exceptions.DisallowedHost: Invalid HTTP_HOST header: 'testserver'. You may need to add 'testserver' to ALLOWED_HOSTS.
WARNING 2026-01-09 10:27:03,854 log 10740 8780 Bad Request: /api/auth/register/
INFO 2026-01-09 10:28:13,711 basehttp 14216 19272 "GET /api/auth/csrf/ HTTP/1.1" 200 80
INFO 2026-01-09 10:28:20,661 basehttp 14216 2508 "GET /api/auth/csrf/ HTTP/1.1" 200 80
WARNING 2026-01-09 10:28:20,672 log 14216 2508 Bad Request: /api/auth/register/
WARNING 2026-01-09 10:28:20,676 basehttp 14216 2508 "POST /api/auth/register/ HTTP/1.1" 400 48
INFO 2026-01-09 10:28:21,652 basehttp 14216 2508 "GET /api/auth/csrf/ HTTP/1.1" 200 80
WARNING 2026-01-09 10:28:21,670 log 14216 2508 Bad Request: /api/auth/register/
WARNING 2026-01-09 10:28:21,672 basehttp 14216 2508 "POST /api/auth/register/ HTTP/1.1" 400 48
INFO 2026-01-09 10:28:25,569 basehttp 14216 2508 "GET /api/auth/csrf/ HTTP/1.1" 200 80
INFO 2026-01-09 10:36:28,294 basehttp 4732 15372 "GET /api/auth/csrf/ HTTP/1.1" 200 80
INFO 2026-01-09 10:36:30,403 basehttp 4732 6164 "GET /docs/ HTTP/1.1" 200 4647
INFO 2026-01-09 10:36:32,457 basehttp 4732 10348 "GET /admin/ HTTP/1.1" 302 0
INFO 2026-01-09 10:36:32,628 basehttp 4732 10348 "GET /admin/login/?next=/admin/ HTTP/1.1" 200 4170
INFO 2026-01-09 10:36:34,921 basehttp 4732 19460 "POST /api/auth/register/ HTTP/1.1" 201 98
INFO 2026-01-09 10:36:36,970 basehttp 4732 19676 "GET /api/auth/csrf/ HTTP/1.1" 200 80
WARNING 2026-01-09 10:36:39,102 log 4732 14604 Bad Request: /api/auth/login/
WARNING 2026-01-09 10:36:39,102 basehttp 4732 14604 "POST /api/auth/login/ HTTP/1.1" 400 80
WARNING 2026-01-09 10:36:41,136 log 4732 8308 Unauthorized: /api/auth/me/
WARNING 2026-01-09 10:36:41,136 basehttp 4732 8308 "GET /api/auth/me/ HTTP/1.1" 401 58
INFO 2026-01-09 10:45:43,837 autoreload 12116 16352 Watching for file changes with StatReloader
WARNING 2026-01-09 10:46:01,761 log 4732 9168 Not Found: /
WARNING 2026-01-09 10:46:01,766 basehttp 4732 9168 "GET / HTTP/1.1" 404 3764
WARNING 2026-01-09 10:46:01,957 log 4732 9168 Not Found: /favicon.ico
WARNING 2026-01-09 10:46:01,959 basehttp 4732 9168 "GET /favicon.ico HTTP/1.1" 404 3815
INFO 2026-01-09 10:46:16,044 basehttp 4732 4040 "GET /api/auth/csrf/ HTTP/1.1" 200 80
INFO 2026-01-09 10:46:18,101 basehttp 4732 4040 "GET /api/auth/csrf/ HTTP/1.1" 200 80
INFO 2026-01-09 10:46:29,292 basehttp 4732 4040 "GET /api/auth/csrf/ HTTP/1.1" 200 80
INFO 2026-01-09 10:46:29,609 basehttp 4732 20984 "OPTIONS /api/auth/login/ HTTP/1.1" 200 0
WARNING 2026-01-09 10:46:29,609 log 4732 4040 Bad Request: /api/auth/login/
WARNING 2026-01-09 10:46:29,609 basehttp 4732 4040 "POST /api/auth/login/ HTTP/1.1" 400 45
INFO 2026-01-09 10:46:33,160 basehttp 4732 4040 "GET /api/auth/csrf/ HTTP/1.1" 200 80
INFO 2026-01-09 10:46:45,746 basehttp 4732 4040 "GET /api/auth/csrf/ HTTP/1.1" 200 80
WARNING 2026-01-09 10:46:45,765 log 4732 4040 Bad Request: /api/auth/register/
WARNING 2026-01-09 10:46:45,765 basehttp 4732 4040 "POST /api/auth/register/ HTTP/1.1" 400 48
INFO 2026-01-09 10:48:46,326 basehttp 4732 13140 "GET /api/auth/csrf/ HTTP/1.1" 200 80
INFO 2026-01-09 10:48:48,557 basehttp 4732 11716 "POST /api/auth/register/ HTTP/1.1" 201 98
WARNING 2026-01-09 10:48:50,590 log 4732 8824 Bad Request: /api/auth/register/
WARNING 2026-01-09 10:48:50,590 basehttp 4732 8824 "POST /api/auth/register/ HTTP/1.1" 400 48
WARNING 2026-01-09 10:48:52,625 log 4732 7076 Bad Request: /api/auth/register/
WARNING 2026-01-09 10:48:52,625 basehttp 4732 7076 "POST /api/auth/register/ HTTP/1.1" 400 42
INFO 2026-01-09 10:48:54,873 basehttp 4732 14836 "POST /api/auth/register/ HTTP/1.1" 201 98
INFO 2026-01-09 10:48:57,133 basehttp 4732 12780 "POST /api/auth/register/ HTTP/1.1" 201 98
INFO 2026-01-09 10:50:46,180 basehttp 4732 4040 "GET /api/auth/csrf/ HTTP/1.1" 200 80
INFO 2026-01-09 10:50:46,502 basehttp 4732 4040 "POST /api/auth/register/ HTTP/1.1" 201 99
INFO 2026-01-09 10:50:58,821 basehttp 4732 4040 "GET /api/auth/csrf/ HTTP/1.1" 200 80
WARNING 2026-01-09 10:50:58,978 log 4732 4040 Bad Request: /api/auth/login/
WARNING 2026-01-09 10:50:58,978 basehttp 4732 4040 "POST /api/auth/login/ HTTP/1.1" 400 80
INFO 2026-01-09 10:51:02,300 basehttp 4732 4040 "GET /api/auth/csrf/ HTTP/1.1" 200 80
WARNING 2026-01-09 10:51:02,457 log 4732 4040 Bad Request: /api/auth/login/
WARNING 2026-01-09 10:51:02,457 basehttp 4732 4040 "POST /api/auth/login/ HTTP/1.1" 400 80
INFO 2026-01-09 10:51:23,504 basehttp 4732 11716 "GET /api/auth/csrf/ HTTP/1.1" 200 80
INFO 2026-01-09 10:51:25,731 basehttp 4732 14028 "POST /api/auth/register/ HTTP/1.1" 201 99
INFO 2026-01-09 10:54:23,794 basehttp 4732 2348 "GET /api/auth/csrf/ HTTP/1.1" 200 80
WARNING 2026-01-09 10:54:25,842 log 4732 10584 Bad Request: /api/auth/register/
WARNING 2026-01-09 10:54:25,842 basehttp 4732 10584 "POST /api/auth/register/ HTTP/1.1" 400 48
INFO 2026-01-09 10:54:28,079 basehttp 4732 13048 "POST /api/auth/register/ HTTP/1.1" 201 99
WARNING 2026-01-09 10:54:30,213 log 4732 18208 Bad Request: /api/auth/login/
WARNING 2026-01-09 10:54:30,215 basehttp 4732 18208 "POST /api/auth/login/ HTTP/1.1" 400 80
WARNING 2026-01-09 10:54:32,256 log 4732 18140 Bad Request: /api/auth/register/
WARNING 2026-01-09 10:54:32,256 basehttp 4732 18140 "POST /api/auth/register/ HTTP/1.1" 400 123
WARNING 2026-01-09 10:54:34,297 log 4732 13404 Bad Request: /api/auth/register/
WARNING 2026-01-09 10:54:34,297 basehttp 4732 13404 "POST /api/auth/register/ HTTP/1.1" 400 50
INFO 2026-01-09 10:57:20,373 basehttp 4732 11204 "GET /api/auth/csrf/ HTTP/1.1" 200 80
INFO 2026-01-09 10:57:22,602 basehttp 4732 6264 "POST /api/auth/register/ HTTP/1.1" 201 99
WARNING 2026-01-09 23:54:00,005 log 9312 23068 Not Found: /
WARNING 2026-01-09 23:54:00,013 basehttp 9312 23068 "GET / HTTP/1.1" 404 3764
WARNING 2026-01-09 23:54:00,232 log 9312 23068 Not Found: /favicon.ico
WARNING 2026-01-09 23:54:00,232 basehttp 9312 23068 "GET /favicon.ico HTTP/1.1" 404 3815
INFO 2026-01-09 23:54:07,664 basehttp 9312 23068 "GET /docs HTTP/1.1" 301 0
INFO 2026-01-09 23:54:07,827 basehttp 9312 23192 "GET /docs/ HTTP/1.1" 200 4647
INFO 2026-01-09 23:54:14,726 basehttp 9312 23192 "GET /docs/ HTTP/1.1" 200 4647
WARNING 2026-01-09 23:54:22,397 log 9312 23192 Not Found: /
WARNING 2026-01-09 23:54:22,397 basehttp 9312 23192 "GET / HTTP/1.1" 404 3764
INFO 2026-01-09 23:54:44,863 basehttp 9312 12120 "GET /api/auth/csrf/ HTTP/1.1" 200 80
INFO 2026-01-09 23:54:46,930 basehttp 9312 14500 "GET /admin/ HTTP/1.1" 302 0
INFO 2026-01-09 23:54:47,103 basehttp 9312 14500 "GET /admin/login/?next=/admin/ HTTP/1.1" 200 4170
INFO 2026-01-09 23:54:49,187 basehttp 9312 11268 "GET /docs/ HTTP/1.1" 200 4647
INFO 2026-01-09 23:56:00,274 basehttp 9312 24028 "GET /api/auth/csrf/ HTTP/1.1" 200 80
INFO 2026-01-09 23:56:02,807 basehttp 9312 24028 "GET /api/auth/csrf/ HTTP/1.1" 200 80
INFO 2026-01-09 23:56:16,316 basehttp 9312 24028 "GET /api/auth/csrf/ HTTP/1.1" 200 80
INFO 2026-01-09 23:56:16,639 basehttp 9312 20424 "OPTIONS /api/auth/login/ HTTP/1.1" 200 0
WARNING 2026-01-09 23:56:16,885 log 9312 24028 Bad Request: /api/auth/login/
WARNING 2026-01-09 23:56:16,885 basehttp 9312 24028 "POST /api/auth/login/ HTTP/1.1" 400 80
INFO 2026-01-09 23:56:20,277 basehttp 9312 24028 "GET /api/auth/csrf/ HTTP/1.1" 200 80
INFO 2026-01-09 23:56:30,263 basehttp 9312 24028 "GET /api/auth/csrf/ HTTP/1.1" 200 80
INFO 2026-01-09 23:56:30,274 basehttp 9312 20424 "OPTIONS /api/auth/register/ HTTP/1.1" 200 0
WARNING 2026-01-09 23:56:30,329 log 9312 24028 Bad Request: /api/auth/register/
WARNING 2026-01-09 23:56:30,329 basehttp 9312 24028 "POST /api/auth/register/ HTTP/1.1" 400 50
INFO 2026-01-09 23:56:57,996 basehttp 9312 15856 "GET /api/auth/csrf/ HTTP/1.1" 200 80
INFO 2026-01-09 23:57:00,383 basehttp 9312 14532 "POST /api/auth/register/ HTTP/1.1" 201 99
INFO 2026-01-09 23:57:02,416 basehttp 9312 14368 "OPTIONS /api/auth/register/ HTTP/1.1" 200 0
INFO 2026-01-09 23:57:45,720 basehttp 9312 24028 "GET /api/auth/csrf/ HTTP/1.1" 200 80
WARNING 2026-01-09 23:57:45,738 log 9312 24028 Bad Request: /api/auth/register/
WARNING 2026-01-09 23:57:45,738 basehttp 9312 24028 "POST /api/auth/register/ HTTP/1.1" 400 50
WARNING 2026-01-10 00:03:33,888 log 9312 20312 Bad Request: /api/auth/register/
WARNING 2026-01-10 00:03:33,888 basehttp 9312 20312 "POST /api/auth/register/ HTTP/1.1" 400 50
WARNING 2026-01-10 00:03:36,030 log 9312 5360 Bad Request: /api/auth/login/
WARNING 2026-01-10 00:03:36,031 basehttp 9312 5360 "POST /api/auth/login/ HTTP/1.1" 400 80
INFO 2026-01-10 00:04:54,133 basehttp 9312 21656 "POST /api/auth/register/ HTTP/1.1" 201 99
WARNING 2026-01-10 00:04:56,393 log 9312 23348 Bad Request: /api/auth/login/
WARNING 2026-01-10 00:04:56,394 basehttp 9312 23348 "POST /api/auth/login/ HTTP/1.1" 400 80
INFO 2026-01-10 00:06:02,069 basehttp 9312 14736 "POST /api/auth/register/ HTTP/1.1" 201 99
WARNING 2026-01-10 00:06:04,283 log 9312 14016 Bad Request: /api/auth/login/
WARNING 2026-01-10 00:06:04,283 basehttp 9312 14016 "POST /api/auth/login/ HTTP/1.1" 400 80
INFO 2026-01-10 00:06:06,324 basehttp 9312 12600 "GET /api/auth/csrf/ HTTP/1.1" 200 80
INFO 2026-01-10 00:06:08,366 basehttp 9312 14232 "POST /api/auth/password/reset/ HTTP/1.1" 200 71
WARNING 2026-01-10 00:06:10,464 log 9312 17696 Bad Request: /api/auth/login/
WARNING 2026-01-10 00:06:10,464 basehttp 9312 17696 "POST /api/auth/login/ HTTP/1.1" 400 45
WARNING 2026-01-10 00:06:12,502 log 9312 18400 Bad Request: /api/auth/register/
WARNING 2026-01-10 00:06:12,502 basehttp 9312 18400 "POST /api/auth/register/ HTTP/1.1" 400 47
INFO 2026-01-10 00:08:51,134 basehttp 9312 6596 "POST /api/auth/register/ HTTP/1.1" 201 99
INFO 2026-01-10 00:08:51,855 basehttp 9312 23864 "POST /api/auth/register/ HTTP/1.1" 201 99
WARNING 2026-01-10 00:09:00,127 log 9312 23864 Bad Request: /api/auth/login/
WARNING 2026-01-10 00:09:00,130 basehttp 9312 23864 "POST /api/auth/login/ HTTP/1.1" 400 80
WARNING 2026-01-10 00:09:32,852 log 9312 23864 Bad Request: /api/auth/login/
WARNING 2026-01-10 00:09:32,855 basehttp 9312 23864 "POST /api/auth/login/ HTTP/1.1" 400 80
WARNING 2026-01-10 00:09:51,261 log 9312 23864 Bad Request: /api/auth/register/
WARNING 2026-01-10 00:09:51,262 basehttp 9312 23864 "POST /api/auth/register/ HTTP/1.1" 400 50
WARNING 2026-01-10 00:23:11,966 log 9312 11776 Bad Request: /api/auth/login/
WARNING 2026-01-10 00:23:11,967 basehttp 9312 11776 "POST /api/auth/login/ HTTP/1.1" 400 87
INFO 2026-01-10 00:23:38,387 basehttp 9312 11776 "POST /api/auth/register/ HTTP/1.1" 201 99
WARNING 2026-01-10 00:23:50,643 log 9312 11776 Bad Request: /api/auth/login/
WARNING 2026-01-10 00:23:50,644 basehttp 9312 11776 "POST /api/auth/login/ HTTP/1.1" 400 80
INFO 2026-01-10 00:25:22,367 autoreload 15244 6024 Watching for file changes with StatReloader
INFO 2026-01-10 00:26:23,860 basehttp 9312 19080 "POST /api/auth/register/ HTTP/1.1" 201 99
WARNING 2026-01-10 00:26:26,003 log 9312 4376 Bad Request: /api/auth/login/
WARNING 2026-01-10 00:26:26,004 basehttp 9312 4376 "POST /api/auth/login/ HTTP/1.1" 400 80
WARNING 2026-01-10 00:26:28,046 log 9312 13964 Bad Request: /api/auth/login/
WARNING 2026-01-10 00:26:28,046 basehttp 9312 13964 "POST /api/auth/login/ HTTP/1.1" 400 42
WARNING 2026-01-10 00:26:30,108 log 9312 13472 Bad Request: /api/auth/login/
WARNING 2026-01-10 00:26:30,109 basehttp 9312 13472 "POST /api/auth/login/ HTTP/1.1" 400 45
WARNING 2026-01-10 00:26:32,135 log 9312 5744 Bad Request: /api/auth/login/
WARNING 2026-01-10 00:26:32,135 basehttp 9312 5744 "POST /api/auth/login/ HTTP/1.1" 400 42
WARNING 2026-01-10 00:26:34,177 log 9312 7456 Bad Request: /api/auth/login/
WARNING 2026-01-10 00:26:34,177 basehttp 9312 7456 "POST /api/auth/login/ HTTP/1.1" 400 76
INFO 2026-01-10 00:27:35,751 autoreload 15244 6024 D:\selfie-connect-main\photovault_django\apps\users\views.py changed, reloading.
INFO 2026-01-10 00:27:38,730 autoreload 1236 17500 Watching for file changes with StatReloader
INFO 2026-01-10 00:28:58,238 basehttp 9312 14380 "POST /api/auth/register/ HTTP/1.1" 201 99
WARNING 2026-01-10 00:29:00,353 log 9312 20832 Bad Request: /api/auth/login/
WARNING 2026-01-10 00:29:00,353 basehttp 9312 20832 "POST /api/auth/login/ HTTP/1.1" 400 80
WARNING 2026-01-10 00:29:02,404 log 9312 2132 Not Found: /api/auth/resend-verification/
WARNING 2026-01-10 00:29:02,406 basehttp 9312 2132 "POST /api/auth/resend-verification/ HTTP/1.1" 404 7562
WARNING 2026-01-10 00:29:42,658 log 9312 23944 Bad Request: /api/auth/login/
WARNING 2026-01-10 00:29:42,658 basehttp 9312 23944 "POST /api/auth/login/ HTTP/1.1" 400 80
INFO 2026-01-10 00:29:46,062 basehttp 9312 15916 "OPTIONS /api/auth/verify/resend/ HTTP/1.1" 200 0
INFO 2026-01-10 00:29:46,079 basehttp 9312 15916 "POST /api/auth/verify/resend/ HTTP/1.1" 200 89
INFO 2026-01-10 00:30:07,926 autoreload 14680 24364 Watching for file changes with StatReloader
WARNING 2026-01-10 00:30:44,114 log 9312 10304 Bad Request: /api/auth/register/
WARNING 2026-01-10 00:30:44,114 basehttp 9312 10304 "POST /api/auth/register/ HTTP/1.1" 400 50
WARNING 2026-01-10 00:30:46,241 log 9312 22588 Bad Request: /api/auth/login/
WARNING 2026-01-10 00:30:46,241 basehttp 9312 22588 "POST /api/auth/login/ HTTP/1.1" 400 80
INFO 2026-01-10 00:30:48,294 basehttp 9312 21824 "POST /api/auth/verify/resend/ HTTP/1.1" 200 89
WARNING 2026-01-10 00:31:19,054 log 9312 23288 Bad Request: /api/auth/login/
WARNING 2026-01-10 00:31:19,055 basehttp 9312 23288 "POST /api/auth/login/ HTTP/1.1" 400 80
INFO 2026-01-10 00:32:32,913 autoreload 18276 24120 Watching for file changes with StatReloader
WARNING 2026-01-10 00:32:57,899 log 9312 14188 Bad Request: /api/auth/login/
WARNING 2026-01-10 00:32:57,901 basehttp 9312 14188 "POST /api/auth/login/ HTTP/1.1" 400 80
INFO 2026-01-10 00:33:31,260 autoreload 18276 24120 D:\selfie-connect-main\photovault_django\apps\users\views.py changed, reloading.
INFO 2026-01-10 00:33:34,259 autoreload 16708 23220 Watching for file changes with StatReloader
WARNING 2026-01-10 00:33:56,336 log 9312 6176 Bad Request: /api/auth/login/
WARNING 2026-01-10 00:33:56,338 basehttp 9312 6176 "POST /api/auth/login/ HTTP/1.1" 400 80
INFO 2026-01-10 00:34:13,575 autoreload 16708 23220 D:\selfie-connect-main\photovault_django\apps\users\views.py changed, reloading.
INFO 2026-01-10 00:34:16,794 autoreload 8608 6352 Watching for file changes with StatReloader
WARNING 2026-01-10 00:34:25,688 log 9312 19948 Bad Request: /api/auth/login/
WARNING 2026-01-10 00:34:25,690 basehttp 9312 19948 "POST /api/auth/login/ HTTP/1.1" 400 80
INFO 2026-01-10 00:34:51,501 autoreload 8608 6352 D:\selfie-connect-main\photovault_django\apps\users\views.py changed, reloading.
INFO 2026-01-10 00:34:54,813 autoreload 11728 20400 Watching for file changes with StatReloader
INFO 2026-01-10 00:35:27,994 autoreload 15476 19804 Watching for file changes with StatReloader
WARNING 2026-01-10 00:36:10,197 log 9312 22904 Bad Request: /api/auth/login/
WARNING 2026-01-10 00:36:10,198 basehttp 9312 22904 "POST /api/auth/login/ HTTP/1.1" 400 80
INFO 2026-01-10 00:36:57,080 autoreload 15476 19804 D:\selfie-connect-main\photovault_django\apps\users\views.py changed, reloading.
INFO 2026-01-10 00:36:59,091 autoreload 2368 15828 Watching for file changes with StatReloader
INFO 2026-01-10 00:37:07,181 autoreload 2368 15828 D:\selfie-connect-main\photovault_django\apps\users\views.py changed, reloading.
INFO 2026-01-10 00:37:09,446 autoreload 20120 15304 Watching for file changes with StatReloader
INFO 2026-01-10 00:37:54,712 basehttp 9312 17680 "POST /api/auth/register/ HTTP/1.1" 201 99
WARNING 2026-01-10 00:37:56,835 log 9312 8744 Bad Request: /api/auth/login/
WARNING 2026-01-10 00:37:56,836 basehttp 9312 8744 "POST /api/auth/login/ HTTP/1.1" 400 80
INFO 2026-01-10 00:37:58,892 basehttp 9312 3220 "POST /api/auth/verify/resend/ HTTP/1.1" 200 89
INFO 2026-01-10 01:59:09,584 autoreload 11908 5196 Watching for file changes with StatReloader
INFO 2026-01-10 01:59:56,842 basehttp 11908 24068 "POST /api/auth/register/ HTTP/1.1" 201 99
INFO 2026-01-10 02:00:00,532 basehttp 11908 21852 "POST /api/auth/login/ HTTP/1.1" 200 706
INFO 2026-01-10 02:00:02,594 basehttp 11908 8844 "GET /api/auth/me/ HTTP/1.1" 200 200
INFO 2026-01-10 02:00:04,645 basehttp 11908 3676 "POST /api/auth/logout/ HTTP/1.1" 200 31
WARNING 2026-01-10 02:00:06,686 log 11908 19452 Unauthorized: /api/auth/refresh/
WARNING 2026-01-10 02:00:06,686 basehttp 11908 19452 "POST /api/auth/refresh/ HTTP/1.1" 401 58
INFO 2026-01-10 02:03:28,694 basehttp 11908 23624 "POST /api/auth/register/ HTTP/1.1" 201 99
INFO 2026-01-10 02:03:32,083 basehttp 11908 9820 "POST /api/auth/login/ HTTP/1.1" 200 702
WARNING 2026-01-10 02:03:34,250 log 11908 19276 Bad Request: /api/auth/login/
WARNING 2026-01-10 02:03:34,251 basehttp 11908 19276 "POST /api/auth/login/ HTTP/1.1" 400 45
WARNING 2026-01-10 02:03:36,401 log 11908 16996 Bad Request: /api/auth/login/
WARNING 2026-01-10 02:03:36,401 basehttp 11908 16996 "POST /api/auth/login/ HTTP/1.1" 400 45
WARNING 2026-01-10 02:03:38,552 log 11908 12448 Bad Request: /api/auth/login/
WARNING 2026-01-10 02:03:38,554 basehttp 11908 12448 "POST /api/auth/login/ HTTP/1.1" 400 45
WARNING 2026-01-10 02:03:40,680 log 11908 9412 Bad Request: /api/auth/login/
WARNING 2026-01-10 02:03:40,680 basehttp 11908 9412 "POST /api/auth/login/ HTTP/1.1" 400 45
WARNING 2026-01-10 02:03:42,846 log 11908 4624 Bad Request: /api/auth/login/
WARNING 2026-01-10 02:03:42,846 basehttp 11908 4624 "POST /api/auth/login/ HTTP/1.1" 400 45
WARNING 2026-01-10 02:03:44,876 log 11908 11172 Bad Request: /api/auth/login/
WARNING 2026-01-10 02:03:44,877 basehttp 11908 11172 "POST /api/auth/login/ HTTP/1.1" 400 87
INFO 2026-01-10 02:03:47,044 basehttp 11908 13944 "POST /api/auth/login/ HTTP/1.1" 200 702
INFO 2026-01-10 02:05:05,482 autoreload 11908 5196 D:\selfie-connect-main\photovault_django\photovault\settings.py changed, reloading.
INFO 2026-01-10 02:10:20,504 autoreload 11592 2640 Watching for file changes with StatReloader
INFO 2026-01-10 02:12:34,071 basehttp 11592 18376 "POST /api/auth/register/ HTTP/1.1" 201 99
WARNING 2026-01-10 02:12:36,704 log 11592 24248 Bad Request: /api/auth/login/
WARNING 2026-01-10 02:12:36,704 basehttp 11592 24248 "POST /api/auth/login/ HTTP/1.1" 400 45
WARNING 2026-01-10 02:12:39,341 log 11592 19420 Bad Request: /api/auth/login/
WARNING 2026-01-10 02:12:39,349 basehttp 11592 19420 "POST /api/auth/login/ HTTP/1.1" 400 81
INFO 2026-01-10 02:22:43,996 autoreload 11592 2640 D:\selfie-connect-main\photovault_django\photovault\settings.py changed, reloading.
INFO 2026-01-10 02:22:46,211 autoreload 17316 3264 Watching for file changes with StatReloader
INFO 2026-01-10 02:22:48,760 autoreload 17316 3264 D:\selfie-connect-main\photovault_django\photovault\settings.py changed, reloading.
INFO 2026-01-10 02:22:51,015 autoreload 14340 11064 Watching for file changes with StatReloader
INFO 2026-01-10 02:22:58,948 autoreload 14340 11064 D:\selfie-connect-main\photovault_django\photovault\urls.py changed, reloading.
INFO 2026-01-10 02:23:01,481 autoreload 15864 5936 Watching for file changes with StatReloader
WARNING 2026-01-10 02:25:33,384 log 6488 20708 Forbidden: /api/feature-flags/flags/create_2090_flags/
ERROR 2026-01-10 02:25:44,942 services 6488 20708 Get enabled flags error: contains lookup is not supported on this database backend.
INFO 2026-01-10 02:25:54,718 autoreload 15864 5936 D:\selfie-connect-main\photovault_django\apps\feature_flags\services.py changed, reloading.
INFO 2026-01-10 02:25:57,782 autoreload 19616 23060 Watching for file changes with StatReloader
INFO 2026-01-10 02:26:00,543 autoreload 19616 23060 D:\selfie-connect-main\photovault_django\apps\feature_flags\views.py changed, reloading.
INFO 2026-01-10 02:26:03,552 autoreload 9084 22516 Watching for file changes with StatReloader
INFO 2026-01-10 02:26:06,183 autoreload 9084 22516 D:\selfie-connect-main\photovault_django\apps\feature_flags\views.py changed, reloading.
INFO 2026-01-10 02:26:09,159 autoreload 928 23608 Watching for file changes with StatReloader
INFO 2026-01-10 02:26:45,338 autoreload 1824 21136 Watching for file changes with StatReloader
INFO 2026-01-10 03:03:37,162 autoreload 1824 21136 D:\selfie-connect-main\photovault_django\apps\sharing\models.py changed, reloading.
